This is pdfTeX, Version 3.14159265-2.6-1.40.16 (TeX Live 2015) (preloaded format=pdflatex 2015.5.24)  2 FEB 2016 22:32
entering extended mode
 restricted \write18 enabled.
 %&-line parsing enabled.
**HHProjectPaperFinalKnitrPlusSweave.tex
(./HHProjectPaperFinalKnitrPlusSweave.tex
LaTeX2e <2015/01/01>
Babel <3.9l> and hyphenation patterns for 79 languages loaded.
(/usr/local/texlive/2015/texmf-dist/tex/latex/base/article.cls
Document Class: article 2014/09/29 v1.4h Standard LaTeX document class
(/usr/local/texlive/2015/texmf-dist/tex/latex/base/size12.clo
File: size12.clo 2014/09/29 v1.4h Standard LaTeX file (size option)
)
\c@part=\count79
\c@section=\count80
\c@subsection=\count81
\c@subsubsection=\count82
\c@paragraph=\count83
\c@subparagraph=\count84
\c@figure=\count85
\c@table=\count86
\abovecaptionskip=\skip41
\belowcaptionskip=\skip42
\bibindent=\dimen102
)
(/usr/local/texlive/2015/texmf-dist/tex/latex/graphics/graphicx.sty
Package: graphicx 2014/10/28 v1.0g Enhanced LaTeX Graphics (DPC,SPQR)

(/usr/local/texlive/2015/texmf-dist/tex/latex/graphics/keyval.sty
Package: keyval 2014/10/28 v1.15 key=value parser (DPC)
\KV@toks@=\toks14
)
(/usr/local/texlive/2015/texmf-dist/tex/latex/graphics/graphics.sty
Package: graphics 2014/10/28 v1.0p Standard LaTeX Graphics (DPC,SPQR)

(/usr/local/texlive/2015/texmf-dist/tex/latex/graphics/trig.sty
Package: trig 1999/03/16 v1.09 sin cos tan (DPC)
)
(/usr/local/texlive/2015/texmf-dist/tex/latex/latexconfig/graphics.cfg
File: graphics.cfg 2010/04/23 v1.9 graphics configuration of TeX Live
)
Package graphics Info: Driver file: pdftex.def on input line 94.

(/usr/local/texlive/2015/texmf-dist/tex/latex/pdftex-def/pdftex.def
File: pdftex.def 2011/05/27 v0.06d Graphics/color for pdfTeX

(/usr/local/texlive/2015/texmf-dist/tex/generic/oberdiek/infwarerr.sty
Package: infwarerr 2010/04/08 v1.3 Providing info/warning/error messages (HO)
)
(/usr/local/texlive/2015/texmf-dist/tex/generic/oberdiek/ltxcmds.sty
Package: ltxcmds 2011/11/09 v1.22 LaTeX kernel commands for general use (HO)
)
\Gread@gobject=\count87
))
\Gin@req@height=\dimen103
\Gin@req@width=\dimen104
)
(/usr/local/texlive/2015/texmf-dist/tex/latex/graphics/color.sty
Package: color 2014/10/28 v1.1a Standard LaTeX Color (DPC)

(/usr/local/texlive/2015/texmf-dist/tex/latex/latexconfig/color.cfg
File: color.cfg 2007/01/18 v1.5 color configuration of teTeX/TeXLive
)
Package color Info: Driver file: pdftex.def on input line 142.
)
(/usr/local/texlive/2015/texmf-dist/tex/latex/framed/framed.sty
Package: framed 2011/10/22 v 0.96: framed or shaded text with page breaks
\OuterFrameSep=\skip43
\fb@frw=\dimen105
\fb@frh=\dimen106
\FrameRule=\dimen107
\FrameSep=\dimen108
)
(/usr/local/texlive/2015/texmf-dist/tex/latex/base/alltt.sty
Package: alltt 1997/06/16 v2.0g defines alltt environment
)
(/usr/local/texlive/2015/texmf-dist/tex/latex/tools/array.sty
Package: array 2014/10/28 v2.4c Tabular extension package (FMi)
\col@sep=\dimen109
\extrarowheight=\dimen110
\NC@list=\toks15
\extratabsurround=\skip44
\backup@length=\skip45
)
(/usr/local/texlive/2015/texmf-dist/tex/latex/booktabs/booktabs.sty
Package: booktabs 2005/04/14 v1.61803 publication quality tables
\heavyrulewidth=\dimen111
\lightrulewidth=\dimen112
\cmidrulewidth=\dimen113
\belowrulesep=\dimen114
\belowbottomsep=\dimen115
\aboverulesep=\dimen116
\abovetopsep=\dimen117
\cmidrulesep=\dimen118
\cmidrulekern=\dimen119
\defaultaddspace=\dimen120
\@cmidla=\count88
\@cmidlb=\count89
\@aboverulesep=\dimen121
\@belowrulesep=\dimen122
\@thisruleclass=\count90
\@lastruleclass=\count91
\@thisrulewidth=\dimen123
)
(/usr/local/texlive/2015/texmf-dist/tex/latex/amsfonts/amssymb.sty
Package: amssymb 2013/01/14 v3.01 AMS font symbols

(/usr/local/texlive/2015/texmf-dist/tex/latex/amsfonts/amsfonts.sty
Package: amsfonts 2013/01/14 v3.01 Basic AMSFonts support
\@emptytoks=\toks16
\symAMSa=\mathgroup4
\symAMSb=\mathgroup5
LaTeX Font Info:    Overwriting math alphabet `\mathfrak' in version `bold'
(Font)                  U/euf/m/n --> U/euf/b/n on input line 106.
))
(/usr/local/texlive/2015/texmf-dist/tex/latex/amsmath/amsmath.sty
Package: amsmath 2013/01/14 v2.14 AMS math features
\@mathmargin=\skip46

For additional information on amsmath, use the `?' option.
(/usr/local/texlive/2015/texmf-dist/tex/latex/amsmath/amstext.sty
Package: amstext 2000/06/29 v2.01

(/usr/local/texlive/2015/texmf-dist/tex/latex/amsmath/amsgen.sty
File: amsgen.sty 1999/11/30 v2.0
\@emptytoks=\toks17
\ex@=\dimen124
))
(/usr/local/texlive/2015/texmf-dist/tex/latex/amsmath/amsbsy.sty
Package: amsbsy 1999/11/29 v1.2d
\pmbraise@=\dimen125
)
(/usr/local/texlive/2015/texmf-dist/tex/latex/amsmath/amsopn.sty
Package: amsopn 1999/12/14 v2.01 operator names
)
\inf@bad=\count92
LaTeX Info: Redefining \frac on input line 210.
\uproot@=\count93
\leftroot@=\count94
LaTeX Info: Redefining \overline on input line 306.
\classnum@=\count95
\DOTSCASE@=\count96
LaTeX Info: Redefining \ldots on input line 378.
LaTeX Info: Redefining \dots on input line 381.
LaTeX Info: Redefining \cdots on input line 466.
\Mathstrutbox@=\box26
\strutbox@=\box27
\big@size=\dimen126
LaTeX Font Info:    Redeclaring font encoding OML on input line 566.
LaTeX Font Info:    Redeclaring font encoding OMS on input line 567.
\macc@depth=\count97
\c@MaxMatrixCols=\count98
\dotsspace@=\muskip10
\c@parentequation=\count99
\dspbrk@lvl=\count100
\tag@help=\toks18
\row@=\count101
\column@=\count102
\maxfields@=\count103
\andhelp@=\toks19
\eqnshift@=\dimen127
\alignsep@=\dimen128
\tagshift@=\dimen129
\tagwidth@=\dimen130
\totwidth@=\dimen131
\lineht@=\dimen132
\@envbody=\toks20
\multlinegap=\skip47
\multlinetaggap=\skip48
\mathdisplay@stack=\toks21
LaTeX Info: Redefining \[ on input line 2665.
LaTeX Info: Redefining \] on input line 2666.
)
(/usr/local/texlive/2015/texmf-dist/tex/latex/amscls/amsthm.sty
Package: amsthm 2015/03/04 v2.20.2
\thm@style=\toks22
\thm@bodyfont=\toks23
\thm@headfont=\toks24
\thm@notefont=\toks25
\thm@headpunct=\toks26
\thm@preskip=\skip49
\thm@postskip=\skip50
\thm@headsep=\skip51
\dth@everypar=\toks27
)
(/usr/local/texlive/2015/texmf-dist/tex/latex/amsfonts/eucal.sty
Package: eucal 2009/06/22 v3.00 Euler Script fonts
LaTeX Font Info:    Overwriting math alphabet `\EuScript' in version `bold'
(Font)                  U/eus/m/n --> U/eus/b/n on input line 33.
)
(/usr/local/texlive/2015/texmf-dist/tex/latex/tools/calc.sty
Package: calc 2014/10/28 v4.3 Infix arithmetic (KKT,FJ)
\calc@Acount=\count104
\calc@Bcount=\count105
\calc@Adimen=\dimen133
\calc@Bdimen=\dimen134
\calc@Askip=\skip52
\calc@Bskip=\skip53
LaTeX Info: Redefining \setlength on input line 80.
LaTeX Info: Redefining \addtolength on input line 81.
\calc@Ccount=\count106
\calc@Cskip=\skip54
)
(/usr/local/texlive/2015/texmf-dist/tex/latex/pgf/frontendlayer/tikz.sty
(/usr/local/texlive/2015/texmf-dist/tex/latex/pgf/basiclayer/pgf.sty
(/usr/local/texlive/2015/texmf-dist/tex/latex/pgf/utilities/pgfrcs.sty
(/usr/local/texlive/2015/texmf-dist/tex/generic/pgf/utilities/pgfutil-common.te
x
\pgfutil@everybye=\toks28
\pgfutil@tempdima=\dimen135
\pgfutil@tempdimb=\dimen136

(/usr/local/texlive/2015/texmf-dist/tex/generic/pgf/utilities/pgfutil-common-li
sts.tex))
(/usr/local/texlive/2015/texmf-dist/tex/generic/pgf/utilities/pgfutil-latex.def
\pgfutil@abb=\box28
(/usr/local/texlive/2015/texmf-dist/tex/latex/ms/everyshi.sty
Package: everyshi 2001/05/15 v3.00 EveryShipout Package (MS)
))
(/usr/local/texlive/2015/texmf-dist/tex/generic/pgf/utilities/pgfrcs.code.tex
Package: pgfrcs 2013/12/20 v3.0.0 (rcs-revision 1.28)
))
Package: pgf 2013/12/18 v3.0.0 (rcs-revision 1.14)
(/usr/local/texlive/2015/texmf-dist/tex/latex/pgf/basiclayer/pgfcore.sty
(/usr/local/texlive/2015/texmf-dist/tex/latex/pgf/systemlayer/pgfsys.sty
(/usr/local/texlive/2015/texmf-dist/tex/generic/pgf/systemlayer/pgfsys.code.tex
Package: pgfsys 2013/11/30 v3.0.0 (rcs-revision 1.47)
(/usr/local/texlive/2015/texmf-dist/tex/generic/pgf/utilities/pgfkeys.code.tex
\pgfkeys@pathtoks=\toks29
\pgfkeys@temptoks=\toks30

(/usr/local/texlive/2015/texmf-dist/tex/generic/pgf/utilities/pgfkeysfiltered.c
ode.tex
\pgfkeys@tmptoks=\toks31
))
\pgf@x=\dimen137
\pgf@y=\dimen138
\pgf@xa=\dimen139
\pgf@ya=\dimen140
\pgf@xb=\dimen141
\pgf@yb=\dimen142
\pgf@xc=\dimen143
\pgf@yc=\dimen144
\w@pgf@writea=\write3
\r@pgf@reada=\read1
\c@pgf@counta=\count107
\c@pgf@countb=\count108
\c@pgf@countc=\count109
\c@pgf@countd=\count110
\t@pgf@toka=\toks32
\t@pgf@tokb=\toks33
\t@pgf@tokc=\toks34

(/usr/local/texlive/2015/texmf-dist/tex/generic/pgf/systemlayer/pgf.cfg
File: pgf.cfg 2008/05/14  (rcs-revision 1.7)
)
Driver file for pgf: pgfsys-pdftex.def

(/usr/local/texlive/2015/texmf-dist/tex/generic/pgf/systemlayer/pgfsys-pdftex.d
ef
File: pgfsys-pdftex.def 2013/07/18  (rcs-revision 1.33)

(/usr/local/texlive/2015/texmf-dist/tex/generic/pgf/systemlayer/pgfsys-common-p
df.def
File: pgfsys-common-pdf.def 2013/10/10  (rcs-revision 1.13)
)))
(/usr/local/texlive/2015/texmf-dist/tex/generic/pgf/systemlayer/pgfsyssoftpath.
code.tex
File: pgfsyssoftpath.code.tex 2013/09/09  (rcs-revision 1.9)
\pgfsyssoftpath@smallbuffer@items=\count111
\pgfsyssoftpath@bigbuffer@items=\count112
)
(/usr/local/texlive/2015/texmf-dist/tex/generic/pgf/systemlayer/pgfsysprotocol.
code.tex
File: pgfsysprotocol.code.tex 2006/10/16  (rcs-revision 1.4)
)) (/usr/local/texlive/2015/texmf-dist/tex/latex/xcolor/xcolor.sty
Package: xcolor 2007/01/21 v2.11 LaTeX color extensions (UK)

(/usr/local/texlive/2015/texmf-dist/tex/latex/latexconfig/color.cfg
File: color.cfg 2007/01/18 v1.5 color configuration of teTeX/TeXLive
)
Package xcolor Info: Driver file: pdftex.def on input line 225.
LaTeX Info: Redefining \color on input line 702.
Package xcolor Info: Model `cmy' substituted by `cmy0' on input line 1337.
Package xcolor Info: Model `hsb' substituted by `rgb' on input line 1341.
Package xcolor Info: Model `RGB' extended on input line 1353.
Package xcolor Info: Model `HTML' substituted by `rgb' on input line 1355.
Package xcolor Info: Model `Hsb' substituted by `hsb' on input line 1356.
Package xcolor Info: Model `tHsb' substituted by `hsb' on input line 1357.
Package xcolor Info: Model `HSB' substituted by `hsb' on input line 1358.
Package xcolor Info: Model `Gray' substituted by `gray' on input line 1359.
Package xcolor Info: Model `wave' substituted by `hsb' on input line 1360.
)
(/usr/local/texlive/2015/texmf-dist/tex/generic/pgf/basiclayer/pgfcore.code.tex
Package: pgfcore 2010/04/11 v3.0.0 (rcs-revision 1.7)
(/usr/local/texlive/2015/texmf-dist/tex/generic/pgf/math/pgfmath.code.tex
(/usr/local/texlive/2015/texmf-dist/tex/generic/pgf/math/pgfmathcalc.code.tex
(/usr/local/texlive/2015/texmf-dist/tex/generic/pgf/math/pgfmathutil.code.tex)
(/usr/local/texlive/2015/texmf-dist/tex/generic/pgf/math/pgfmathparser.code.tex
\pgfmath@dimen=\dimen145
\pgfmath@count=\count113
\pgfmath@box=\box29
\pgfmath@toks=\toks35
\pgfmath@stack@operand=\toks36
\pgfmath@stack@operation=\toks37
)
(/usr/local/texlive/2015/texmf-dist/tex/generic/pgf/math/pgfmathfunctions.code.
tex
(/usr/local/texlive/2015/texmf-dist/tex/generic/pgf/math/pgfmathfunctions.basic
.code.tex)
(/usr/local/texlive/2015/texmf-dist/tex/generic/pgf/math/pgfmathfunctions.trigo
nometric.code.tex)
(/usr/local/texlive/2015/texmf-dist/tex/generic/pgf/math/pgfmathfunctions.rando
m.code.tex)
(/usr/local/texlive/2015/texmf-dist/tex/generic/pgf/math/pgfmathfunctions.compa
rison.code.tex)
(/usr/local/texlive/2015/texmf-dist/tex/generic/pgf/math/pgfmathfunctions.base.
code.tex)
(/usr/local/texlive/2015/texmf-dist/tex/generic/pgf/math/pgfmathfunctions.round
.code.tex)
(/usr/local/texlive/2015/texmf-dist/tex/generic/pgf/math/pgfmathfunctions.misc.
code.tex)
(/usr/local/texlive/2015/texmf-dist/tex/generic/pgf/math/pgfmathfunctions.integ
erarithmetics.code.tex)))
(/usr/local/texlive/2015/texmf-dist/tex/generic/pgf/math/pgfmathfloat.code.tex
\c@pgfmathroundto@lastzeros=\count114
))
(/usr/local/texlive/2015/texmf-dist/tex/generic/pgf/basiclayer/pgfcorepoints.co
de.tex
File: pgfcorepoints.code.tex 2013/10/07  (rcs-revision 1.27)
\pgf@picminx=\dimen146
\pgf@picmaxx=\dimen147
\pgf@picminy=\dimen148
\pgf@picmaxy=\dimen149
\pgf@pathminx=\dimen150
\pgf@pathmaxx=\dimen151
\pgf@pathminy=\dimen152
\pgf@pathmaxy=\dimen153
\pgf@xx=\dimen154
\pgf@xy=\dimen155
\pgf@yx=\dimen156
\pgf@yy=\dimen157
\pgf@zx=\dimen158
\pgf@zy=\dimen159
)
(/usr/local/texlive/2015/texmf-dist/tex/generic/pgf/basiclayer/pgfcorepathconst
ruct.code.tex
File: pgfcorepathconstruct.code.tex 2013/10/07  (rcs-revision 1.29)
\pgf@path@lastx=\dimen160
\pgf@path@lasty=\dimen161
)
(/usr/local/texlive/2015/texmf-dist/tex/generic/pgf/basiclayer/pgfcorepathusage
.code.tex
File: pgfcorepathusage.code.tex 2013/12/13  (rcs-revision 1.23)
\pgf@shorten@end@additional=\dimen162
\pgf@shorten@start@additional=\dimen163
)
(/usr/local/texlive/2015/texmf-dist/tex/generic/pgf/basiclayer/pgfcorescopes.co
de.tex
File: pgfcorescopes.code.tex 2013/10/09  (rcs-revision 1.44)
\pgfpic=\box30
\pgf@hbox=\box31
\pgf@layerbox@main=\box32
\pgf@picture@serial@count=\count115
)
(/usr/local/texlive/2015/texmf-dist/tex/generic/pgf/basiclayer/pgfcoregraphicst
ate.code.tex
File: pgfcoregraphicstate.code.tex 2013/09/19  (rcs-revision 1.11)
\pgflinewidth=\dimen164
)
(/usr/local/texlive/2015/texmf-dist/tex/generic/pgf/basiclayer/pgfcoretransform
ations.code.tex
File: pgfcoretransformations.code.tex 2013/10/10  (rcs-revision 1.17)
\pgf@pt@x=\dimen165
\pgf@pt@y=\dimen166
\pgf@pt@temp=\dimen167
)
(/usr/local/texlive/2015/texmf-dist/tex/generic/pgf/basiclayer/pgfcorequick.cod
e.tex
File: pgfcorequick.code.tex 2008/10/09  (rcs-revision 1.3)
)
(/usr/local/texlive/2015/texmf-dist/tex/generic/pgf/basiclayer/pgfcoreobjects.c
ode.tex
File: pgfcoreobjects.code.tex 2006/10/11  (rcs-revision 1.2)
)
(/usr/local/texlive/2015/texmf-dist/tex/generic/pgf/basiclayer/pgfcorepathproce
ssing.code.tex
File: pgfcorepathprocessing.code.tex 2013/09/09  (rcs-revision 1.9)
)
(/usr/local/texlive/2015/texmf-dist/tex/generic/pgf/basiclayer/pgfcorearrows.co
de.tex
File: pgfcorearrows.code.tex 2013/11/07  (rcs-revision 1.40)
\pgfarrowsep=\dimen168
)
(/usr/local/texlive/2015/texmf-dist/tex/generic/pgf/basiclayer/pgfcoreshade.cod
e.tex
File: pgfcoreshade.code.tex 2013/07/15  (rcs-revision 1.15)
\pgf@max=\dimen169
\pgf@sys@shading@range@num=\count116
)
(/usr/local/texlive/2015/texmf-dist/tex/generic/pgf/basiclayer/pgfcoreimage.cod
e.tex
File: pgfcoreimage.code.tex 2013/07/15  (rcs-revision 1.18)

(/usr/local/texlive/2015/texmf-dist/tex/generic/pgf/basiclayer/pgfcoreexternal.
code.tex
File: pgfcoreexternal.code.tex 2013/07/15  (rcs-revision 1.20)
\pgfexternal@startupbox=\box33
))
(/usr/local/texlive/2015/texmf-dist/tex/generic/pgf/basiclayer/pgfcorelayers.co
de.tex
File: pgfcorelayers.code.tex 2013/07/18  (rcs-revision 1.7)
)
(/usr/local/texlive/2015/texmf-dist/tex/generic/pgf/basiclayer/pgfcoretranspare
ncy.code.tex
File: pgfcoretransparency.code.tex 2013/09/30  (rcs-revision 1.5)
)
(/usr/local/texlive/2015/texmf-dist/tex/generic/pgf/basiclayer/pgfcorepatterns.
code.tex
File: pgfcorepatterns.code.tex 2013/11/07  (rcs-revision 1.5)
)))
(/usr/local/texlive/2015/texmf-dist/tex/generic/pgf/modules/pgfmoduleshapes.cod
e.tex
File: pgfmoduleshapes.code.tex 2013/10/31  (rcs-revision 1.34)
\pgfnodeparttextbox=\box34
)
(/usr/local/texlive/2015/texmf-dist/tex/generic/pgf/modules/pgfmoduleplot.code.
tex
File: pgfmoduleplot.code.tex 2013/07/31  (rcs-revision 1.12)
)
(/usr/local/texlive/2015/texmf-dist/tex/latex/pgf/compatibility/pgfcomp-version
-0-65.sty
Package: pgfcomp-version-0-65 2007/07/03 v3.0.0 (rcs-revision 1.7)
\pgf@nodesepstart=\dimen170
\pgf@nodesepend=\dimen171
)
(/usr/local/texlive/2015/texmf-dist/tex/latex/pgf/compatibility/pgfcomp-version
-1-18.sty
Package: pgfcomp-version-1-18 2007/07/23 v3.0.0 (rcs-revision 1.1)
))
(/usr/local/texlive/2015/texmf-dist/tex/latex/pgf/utilities/pgffor.sty
(/usr/local/texlive/2015/texmf-dist/tex/latex/pgf/utilities/pgfkeys.sty
(/usr/local/texlive/2015/texmf-dist/tex/generic/pgf/utilities/pgfkeys.code.tex)
) (/usr/local/texlive/2015/texmf-dist/tex/latex/pgf/math/pgfmath.sty
(/usr/local/texlive/2015/texmf-dist/tex/generic/pgf/math/pgfmath.code.tex))
(/usr/local/texlive/2015/texmf-dist/tex/generic/pgf/utilities/pgffor.code.tex
Package: pgffor 2013/12/13 v3.0.0 (rcs-revision 1.25)

(/usr/local/texlive/2015/texmf-dist/tex/generic/pgf/math/pgfmath.code.tex)
\pgffor@iter=\dimen172
\pgffor@skip=\dimen173
\pgffor@stack=\toks38
\pgffor@toks=\toks39
))
(/usr/local/texlive/2015/texmf-dist/tex/generic/pgf/frontendlayer/tikz/tikz.cod
e.tex
Package: tikz 2013/12/13 v3.0.0 (rcs-revision 1.142)

(/usr/local/texlive/2015/texmf-dist/tex/generic/pgf/libraries/pgflibraryplothan
dlers.code.tex
File: pgflibraryplothandlers.code.tex 2013/08/31 v3.0.0 (rcs-revision 1.20)
\pgf@plot@mark@count=\count117
\pgfplotmarksize=\dimen174
)
\tikz@lastx=\dimen175
\tikz@lasty=\dimen176
\tikz@lastxsaved=\dimen177
\tikz@lastysaved=\dimen178
\tikzleveldistance=\dimen179
\tikzsiblingdistance=\dimen180
\tikz@figbox=\box35
\tikz@figbox@bg=\box36
\tikz@tempbox=\box37
\tikz@tempbox@bg=\box38
\tikztreelevel=\count118
\tikznumberofchildren=\count119
\tikznumberofcurrentchild=\count120
\tikz@fig@count=\count121

(/usr/local/texlive/2015/texmf-dist/tex/generic/pgf/modules/pgfmodulematrix.cod
e.tex
File: pgfmodulematrix.code.tex 2013/09/17  (rcs-revision 1.8)
\pgfmatrixcurrentrow=\count122
\pgfmatrixcurrentcolumn=\count123
\pgf@matrix@numberofcolumns=\count124
)
\tikz@expandcount=\count125

(/usr/local/texlive/2015/texmf-dist/tex/generic/pgf/frontendlayer/tikz/librarie
s/tikzlibrarytopaths.code.tex
File: tikzlibrarytopaths.code.tex 2008/06/17 v3.0.0 (rcs-revision 1.2)
)))
(/usr/local/texlive/2015/texmf-dist/tex/latex/psnfss/courier.sty
Package: courier 2005/04/12 PSNFSS-v9.2a (WaS) 
)
(/usr/local/texlive/2015/texmf-dist/tex/latex/amsmath/amscd.sty
Package: amscd 1999/11/29 v2.0
\athelp@=\toks40
\minaw@=\dimen181
\bigaw@=\dimen182
\minCDarrowwidth=\dimen183
)
(/usr/local/texlive/2015/texmf-dist/tex/latex/tools/verbatim.sty
Package: verbatim 2014/10/28 v1.5q LaTeX2e package for verbatim enhancements
\every@verbatim=\toks41
\verbatim@line=\toks42
\verbatim@in@stream=\read2
)
(/usr/local/texlive/2015/texmf-dist/tex/latex/mathtools/mathtools.sty
Package: mathtools 2015/05/11 v1.16 mathematical typesetting tools

(/usr/local/texlive/2015/texmf-dist/tex/latex/mathtools/mhsetup.sty
Package: mhsetup 2010/01/21 v1.2a programming setup (MH)
)
LaTeX Info: Thecontrolsequence`\('isalreadyrobust on input line 129.
LaTeX Info: Thecontrolsequence`\)'isalreadyrobust on input line 129.
LaTeX Info: Thecontrolsequence`\['isalreadyrobust on input line 129.
LaTeX Info: Thecontrolsequence`\]'isalreadyrobust on input line 129.
\g_MT_multlinerow_int=\count126
\l_MT_multwidth_dim=\dimen184
\origjot=\skip55
\l_MT_shortvdotswithinadjustabove_dim=\dimen185
\l_MT_shortvdotswithinadjustbelow_dim=\dimen186
\l_MT_above_intertext_sep=\dimen187
\l_MT_below_intertext_sep=\dimen188
\l_MT_above_shortintertext_sep=\dimen189
\l_MT_below_shortintertext_sep=\dimen190
)
\c@ex=\count127

(/usr/local/texlive/2015/texmf-dist/tex/latex/answers/answers.sty
Package: answers 2014/08/24 v2.16 Production of solution sheets in LaTeX2e
)
\c@Solution=\count128

(/usr/local/texlive/2015/texmf-dist/tex/generic/pgf/frontendlayer/tikz/librarie
s/tikzlibrarycalc.code.tex
File: tikzlibrarycalc.code.tex 2013/07/15 v3.0.0 (rcs-revision 1.9)
)
(/usr/local/texlive/2015/texmf-dist/tex/latex/doublestroke/dsfont.sty
Package: dsfont 1995/08/01 v0.1 Double stroke roman fonts
)
\c@definition=\count129
\c@theorem=\count130
\c@proposition=\count131

(/usr/local/texlive/2015/texmf-dist/tex/latex/upquote/upquote.sty
Package: upquote 2012/04/19 v1.3 upright-quote and grave-accent glyphs in verba
tim

(/usr/local/texlive/2015/texmf-dist/tex/latex/base/textcomp.sty
Package: textcomp 2005/09/27 v1.99g Standard LaTeX package
Package textcomp Info: Sub-encoding information:
(textcomp)               5 = only ISO-Adobe without \textcurrency
(textcomp)               4 = 5 + \texteuro
(textcomp)               3 = 4 + \textohm
(textcomp)               2 = 3 + \textestimated + \textcurrency
(textcomp)               1 = TS1 - \textcircled - \t
(textcomp)               0 = TS1 (full)
(textcomp)             Font families with sub-encoding setting implement
(textcomp)             only a restricted character set as indicated.
(textcomp)             Family '?' is the default used for unknown fonts.
(textcomp)             See the documentation for details.
Package textcomp Info: Setting ? sub-encoding to TS1/1 on input line 79.

(/usr/local/texlive/2015/texmf-dist/tex/latex/base/ts1enc.def
File: ts1enc.def 2001/06/05 v3.0e (jk/car/fm) Standard LaTeX file
)
LaTeX Info: Redefining \oldstylenums on input line 334.
Package textcomp Info: Setting cmr sub-encoding to TS1/0 on input line 349.
Package textcomp Info: Setting cmss sub-encoding to TS1/0 on input line 350.
Package textcomp Info: Setting cmtt sub-encoding to TS1/0 on input line 351.
Package textcomp Info: Setting cmvtt sub-encoding to TS1/0 on input line 352.
Package textcomp Info: Setting cmbr sub-encoding to TS1/0 on input line 353.
Package textcomp Info: Setting cmtl sub-encoding to TS1/0 on input line 354.
Package textcomp Info: Setting ccr sub-encoding to TS1/0 on input line 355.
Package textcomp Info: Setting ptm sub-encoding to TS1/4 on input line 356.
Package textcomp Info: Setting pcr sub-encoding to TS1/4 on input line 357.
Package textcomp Info: Setting phv sub-encoding to TS1/4 on input line 358.
Package textcomp Info: Setting ppl sub-encoding to TS1/3 on input line 359.
Package textcomp Info: Setting pag sub-encoding to TS1/4 on input line 360.
Package textcomp Info: Setting pbk sub-encoding to TS1/4 on input line 361.
Package textcomp Info: Setting pnc sub-encoding to TS1/4 on input line 362.
Package textcomp Info: Setting pzc sub-encoding to TS1/4 on input line 363.
Package textcomp Info: Setting bch sub-encoding to TS1/4 on input line 364.
Package textcomp Info: Setting put sub-encoding to TS1/5 on input line 365.
Package textcomp Info: Setting uag sub-encoding to TS1/5 on input line 366.
Package textcomp Info: Setting ugq sub-encoding to TS1/5 on input line 367.
Package textcomp Info: Setting ul8 sub-encoding to TS1/4 on input line 368.
Package textcomp Info: Setting ul9 sub-encoding to TS1/4 on input line 369.
Package textcomp Info: Setting augie sub-encoding to TS1/5 on input line 370.
Package textcomp Info: Setting dayrom sub-encoding to TS1/3 on input line 371.
Package textcomp Info: Setting dayroms sub-encoding to TS1/3 on input line 372.

Package textcomp Info: Setting pxr sub-encoding to TS1/0 on input line 373.
Package textcomp Info: Setting pxss sub-encoding to TS1/0 on input line 374.
Package textcomp Info: Setting pxtt sub-encoding to TS1/0 on input line 375.
Package textcomp Info: Setting txr sub-encoding to TS1/0 on input line 376.
Package textcomp Info: Setting txss sub-encoding to TS1/0 on input line 377.
Package textcomp Info: Setting txtt sub-encoding to TS1/0 on input line 378.
Package textcomp Info: Setting lmr sub-encoding to TS1/0 on input line 379.
Package textcomp Info: Setting lmdh sub-encoding to TS1/0 on input line 380.
Package textcomp Info: Setting lmss sub-encoding to TS1/0 on input line 381.
Package textcomp Info: Setting lmssq sub-encoding to TS1/0 on input line 382.
Package textcomp Info: Setting lmvtt sub-encoding to TS1/0 on input line 383.
Package textcomp Info: Setting lmtt sub-encoding to TS1/0 on input line 384.
Package textcomp Info: Setting qhv sub-encoding to TS1/0 on input line 385.
Package textcomp Info: Setting qag sub-encoding to TS1/0 on input line 386.
Package textcomp Info: Setting qbk sub-encoding to TS1/0 on input line 387.
Package textcomp Info: Setting qcr sub-encoding to TS1/0 on input line 388.
Package textcomp Info: Setting qcs sub-encoding to TS1/0 on input line 389.
Package textcomp Info: Setting qpl sub-encoding to TS1/0 on input line 390.
Package textcomp Info: Setting qtm sub-encoding to TS1/0 on input line 391.
Package textcomp Info: Setting qzc sub-encoding to TS1/0 on input line 392.
Package textcomp Info: Setting qhvc sub-encoding to TS1/0 on input line 393.
Package textcomp Info: Setting futs sub-encoding to TS1/4 on input line 394.
Package textcomp Info: Setting futx sub-encoding to TS1/4 on input line 395.
Package textcomp Info: Setting futj sub-encoding to TS1/4 on input line 396.
Package textcomp Info: Setting hlh sub-encoding to TS1/3 on input line 397.
Package textcomp Info: Setting hls sub-encoding to TS1/3 on input line 398.
Package textcomp Info: Setting hlst sub-encoding to TS1/3 on input line 399.
Package textcomp Info: Setting hlct sub-encoding to TS1/5 on input line 400.
Package textcomp Info: Setting hlx sub-encoding to TS1/5 on input line 401.
Package textcomp Info: Setting hlce sub-encoding to TS1/5 on input line 402.
Package textcomp Info: Setting hlcn sub-encoding to TS1/5 on input line 403.
Package textcomp Info: Setting hlcw sub-encoding to TS1/5 on input line 404.
Package textcomp Info: Setting hlcf sub-encoding to TS1/5 on input line 405.
Package textcomp Info: Setting pplx sub-encoding to TS1/3 on input line 406.
Package textcomp Info: Setting pplj sub-encoding to TS1/3 on input line 407.
Package textcomp Info: Setting ptmx sub-encoding to TS1/4 on input line 408.
Package textcomp Info: Setting ptmj sub-encoding to TS1/4 on input line 409.
))
(./HHProjectPaperFinalKnitrPlusSweave.aux)
\openout1 = `HHProjectPaperFinalKnitrPlusSweave.aux'.

LaTeX Font Info:    Checking defaults for OML/cmm/m/it on input line 95.
LaTeX Font Info:    ... okay on input line 95.
LaTeX Font Info:    Checking defaults for T1/cmr/m/n on input line 95.
LaTeX Font Info:    ... okay on input line 95.
LaTeX Font Info:    Checking defaults for OT1/cmr/m/n on input line 95.
LaTeX Font Info:    ... okay on input line 95.
LaTeX Font Info:    Checking defaults for OMS/cmsy/m/n on input line 95.
LaTeX Font Info:    ... okay on input line 95.
LaTeX Font Info:    Checking defaults for OMX/cmex/m/n on input line 95.
LaTeX Font Info:    ... okay on input line 95.
LaTeX Font Info:    Checking defaults for U/cmr/m/n on input line 95.
LaTeX Font Info:    ... okay on input line 95.
LaTeX Font Info:    Checking defaults for TS1/cmr/m/n on input line 95.
LaTeX Font Info:    Try loading font information for TS1+cmr on input line 95.

(/usr/local/texlive/2015/texmf-dist/tex/latex/base/ts1cmr.fd
File: ts1cmr.fd 2014/09/29 v2.5h Standard LaTeX font definitions
)
LaTeX Font Info:    ... okay on input line 95.

(/usr/local/texlive/2015/texmf-dist/tex/context/base/supp-pdf.mkii
[Loading MPS to PDF converter (version 2006.09.02).]
\scratchcounter=\count132
\scratchdimen=\dimen191
\scratchbox=\box39
\nofMPsegments=\count133
\nofMParguments=\count134
\everyMPshowfont=\toks43
\MPscratchCnt=\count135
\MPscratchDim=\dimen192
\MPnumerator=\count136
\makeMPintoPDFobject=\count137
\everyMPtoPDFconversion=\toks44
) (/usr/local/texlive/2015/texmf-dist/tex/generic/oberdiek/pdftexcmds.sty
Package: pdftexcmds 2011/11/29 v0.20 Utility functions of pdfTeX for LuaTeX (HO
)

(/usr/local/texlive/2015/texmf-dist/tex/generic/oberdiek/ifluatex.sty
Package: ifluatex 2010/03/01 v1.3 Provides the ifluatex switch (HO)
Package ifluatex Info: LuaTeX not detected.
)
(/usr/local/texlive/2015/texmf-dist/tex/generic/oberdiek/ifpdf.sty
Package: ifpdf 2011/01/30 v2.3 Provides the ifpdf switch (HO)
Package ifpdf Info: pdfTeX in PDF mode is detected.
)
Package pdftexcmds Info: LuaTeX not detected.
Package pdftexcmds Info: \pdf@primitive is available.
Package pdftexcmds Info: \pdf@ifprimitive is available.
Package pdftexcmds Info: \pdfdraftmode found.
)
(/usr/local/texlive/2015/texmf-dist/tex/latex/oberdiek/epstopdf-base.sty
Package: epstopdf-base 2010/02/09 v2.5 Base part for package epstopdf

(/usr/local/texlive/2015/texmf-dist/tex/latex/oberdiek/grfext.sty
Package: grfext 2010/08/19 v1.1 Manage graphics extensions (HO)

(/usr/local/texlive/2015/texmf-dist/tex/generic/oberdiek/kvdefinekeys.sty
Package: kvdefinekeys 2011/04/07 v1.3 Define keys (HO)
))
(/usr/local/texlive/2015/texmf-dist/tex/latex/oberdiek/kvoptions.sty
Package: kvoptions 2011/06/30 v3.11 Key value format for package options (HO)

(/usr/local/texlive/2015/texmf-dist/tex/generic/oberdiek/kvsetkeys.sty
Package: kvsetkeys 2012/04/25 v1.16 Key value parser (HO)

(/usr/local/texlive/2015/texmf-dist/tex/generic/oberdiek/etexcmds.sty
Package: etexcmds 2011/02/16 v1.5 Avoid name clashes with e-TeX commands (HO)
Package etexcmds Info: Could not find \expanded.
(etexcmds)             That can mean that you are not using pdfTeX 1.50 or
(etexcmds)             that some package has redefined \expanded.
(etexcmds)             In the latter case, load this package earlier.
)))
Package grfext Info: Graphics extension search list:
(grfext)             [.png,.pdf,.jpg,.mps,.jpeg,.jbig2,.jb2,.PNG,.PDF,.JPG,.JPE
G,.JBIG2,.JB2,.eps]
(grfext)             \AppendGraphicsExtensions on input line 452.

(/usr/local/texlive/2015/texmf-dist/tex/latex/latexconfig/epstopdf-sys.cfg
File: epstopdf-sys.cfg 2010/07/13 v1.3 Configuration of (r)epstopdf for TeX Liv
e
))
ABD: EveryShipout initializing macros
LaTeX Font Info:    Try loading font information for U+msa on input line 123.

(/usr/local/texlive/2015/texmf-dist/tex/latex/amsfonts/umsa.fd
File: umsa.fd 2013/01/14 v3.01 AMS symbols A
)
LaTeX Font Info:    Try loading font information for U+msb on input line 123.

(/usr/local/texlive/2015/texmf-dist/tex/latex/amsfonts/umsb.fd
File: umsb.fd 2013/01/14 v3.01 AMS symbols B
)

Package xcolor Warning: Incompatible color definition on input line 147.

<figure/unnamed-chunk-6-1.pdf, id=4, 578.16pt x 433.62pt>
File: figure/unnamed-chunk-6-1.pdf Graphic file (type pdf)

<use figure/unnamed-chunk-6-1.pdf>
Package pdftex.def Info: figure/unnamed-chunk-6-1.pdf used on input line 148.
(pdftex.def)             Requested size: 390.0pt x 292.4956pt.
 [1

{/usr/local/texlive/2015/texmf-var/fonts/map/pdftex/updmap/pdftex.map} <./figur
e/unnamed-chunk-6-1.pdf>] [2]

Package xcolor Warning: Incompatible color definition on input line 225.

<figure/unnamed-chunk-8-1.pdf, id=22, 578.16pt x 578.16pt>
File: figure/unnamed-chunk-8-1.pdf Graphic file (type pdf)

<use figure/unnamed-chunk-8-1.pdf>
Package pdftex.def Info: figure/unnamed-chunk-8-1.pdf used on input line 226.
(pdftex.def)             Requested size: 390.0pt x 389.99414pt.
 [3 <./figure/unnamed-chunk-8-1.pdf>]

Package xcolor Warning: Incompatible color definition on input line 263.

<figure/unnamed-chunk-9-1.pdf, id=32, 578.16pt x 433.62pt>
File: figure/unnamed-chunk-9-1.pdf Graphic file (type pdf)

<use figure/unnamed-chunk-9-1.pdf>
Package pdftex.def Info: figure/unnamed-chunk-9-1.pdf used on input line 264.
(pdftex.def)             Requested size: 390.0pt x 292.4956pt.

<figure/unnamed-chunk-9-2.pdf, id=33, 578.16pt x 433.62pt> [4]
File: figure/unnamed-chunk-9-2.pdf Graphic file (type pdf)

<use figure/unnamed-chunk-9-2.pdf>
Package pdftex.def Info: figure/unnamed-chunk-9-2.pdf used on input line 266.
(pdftex.def)             Requested size: 390.0pt x 292.4956pt.

<figure/unnamed-chunk-9-3.pdf, id=37, 578.16pt x 433.62pt>
File: figure/unnamed-chunk-9-3.pdf Graphic file (type pdf)

<use figure/unnamed-chunk-9-3.pdf>
Package pdftex.def Info: figure/unnamed-chunk-9-3.pdf used on input line 268.
(pdftex.def)             Requested size: 390.0pt x 292.4956pt.

<figure/unnamed-chunk-9-4.pdf, id=38, 578.16pt x 433.62pt> [5 <./figure/unnamed
-chunk-9-1.pdf> <./figure/unnamed-chunk-9-2.pdf>]
File: figure/unnamed-chunk-9-4.pdf Graphic file (type pdf)

<use figure/unnamed-chunk-9-4.pdf>
Package pdftex.def Info: figure/unnamed-chunk-9-4.pdf used on input line 270.
(pdftex.def)             Requested size: 390.0pt x 292.4956pt.

<figure/unnamed-chunk-9-5.pdf, id=54, 578.16pt x 433.62pt>
File: figure/unnamed-chunk-9-5.pdf Graphic file (type pdf)

<use figure/unnamed-chunk-9-5.pdf>
Package pdftex.def Info: figure/unnamed-chunk-9-5.pdf used on input line 272.
(pdftex.def)             Requested size: 390.0pt x 292.4956pt.

<figure/unnamed-chunk-9-6.pdf, id=55, 578.16pt x 433.62pt> [6 <./figure/unnamed
-chunk-9-3.pdf> <./figure/unnamed-chunk-9-4.pdf>]
File: figure/unnamed-chunk-9-6.pdf Graphic file (type pdf)

<use figure/unnamed-chunk-9-6.pdf>
Package pdftex.def Info: figure/unnamed-chunk-9-6.pdf used on input line 274.
(pdftex.def)             Requested size: 390.0pt x 292.4956pt.

<figure/unnamed-chunk-9-7.pdf, id=71, 578.16pt x 433.62pt>
File: figure/unnamed-chunk-9-7.pdf Graphic file (type pdf)

<use figure/unnamed-chunk-9-7.pdf>
Package pdftex.def Info: figure/unnamed-chunk-9-7.pdf used on input line 276.
(pdftex.def)             Requested size: 390.0pt x 292.4956pt.

<figure/unnamed-chunk-9-8.pdf, id=72, 578.16pt x 433.62pt> [7 <./figure/unnamed
-chunk-9-5.pdf> <./figure/unnamed-chunk-9-6.pdf>]
File: figure/unnamed-chunk-9-8.pdf Graphic file (type pdf)

<use figure/unnamed-chunk-9-8.pdf>
Package pdftex.def Info: figure/unnamed-chunk-9-8.pdf used on input line 278.
(pdftex.def)             Requested size: 390.0pt x 292.4956pt.

<figure/unnamed-chunk-9-9.pdf, id=89, 578.16pt x 433.62pt>
File: figure/unnamed-chunk-9-9.pdf Graphic file (type pdf)

<use figure/unnamed-chunk-9-9.pdf>
Package pdftex.def Info: figure/unnamed-chunk-9-9.pdf used on input line 280.
(pdftex.def)             Requested size: 390.0pt x 292.4956pt.

<figure/unnamed-chunk-9-10.pdf, id=90, 578.16pt x 433.62pt> [8 <./figure/unname
d-chunk-9-7.pdf> <./figure/unnamed-chunk-9-8.pdf>]
File: figure/unnamed-chunk-9-10.pdf Graphic file (type pdf)

<use figure/unnamed-chunk-9-10.pdf>
Package pdftex.def Info: figure/unnamed-chunk-9-10.pdf used on input line 282.
(pdftex.def)             Requested size: 390.0pt x 292.4956pt.
 [9 <./figure/unnamed-chunk-9-9.pdf> <./figure/unnamed-chunk-9-10.pdf>]

Package xcolor Warning: Incompatible color definition on input line 294.

<figure/unnamed-chunk-10-1.pdf, id=121, 578.16pt x 433.62pt>
File: figure/unnamed-chunk-10-1.pdf Graphic file (type pdf)

<use figure/unnamed-chunk-10-1.pdf>
Package pdftex.def Info: figure/unnamed-chunk-10-1.pdf used on input line 295.
(pdftex.def)             Requested size: 390.0pt x 292.4956pt.
LaTeX Font Info:    Try loading font information for OT1+pcr on input line 296.


(/usr/local/texlive/2015/texmf-dist/tex/latex/psnfss/ot1pcr.fd
File: ot1pcr.fd 2001/06/04 font definitions for OT1/pcr.
)
Overfull \hbox (56.39981pt too wide) in paragraph at lines 298--298
[]\OT1/pcr/m/n/12 ##  AFR ANTH  ART ARTH ASST ASTR  BIO CHEM CHIN CLAS COMP CSC
I[] 
 []


Overfull \hbox (56.39981pt too wide) in paragraph at lines 299--299
[]\OT1/pcr/m/n/12 ## 42.3 47.0 48.7 53.0 54.0 56.7 45.7 47.3 37.3 45.4 44.7 44.
8[] 
 []


Overfull \hbox (56.39981pt too wide) in paragraph at lines 300--300
[]\OT1/pcr/m/n/12 ## DANC ECON ENGL ENVI GEOS GERM GOES HIST HSCI JAPN  KOR LAT
S[] 
 []


Overfull \hbox (56.39981pt too wide) in paragraph at lines 301--301
[]\OT1/pcr/m/n/12 ## 50.0 43.1 46.8 47.0 49.5 49.0 44.0 43.8 68.0 43.7 35.0 32.
0[] 
 []


Overfull \hbox (56.39981pt too wide) in paragraph at lines 302--302
[]\OT1/pcr/m/n/12 ## LEAD  LIB LING MAST MATH  MUS   PE PHIL PHYS PSCI PSYC  RE
L[] 
 []


Overfull \hbox (56.39981pt too wide) in paragraph at lines 303--303
[]\OT1/pcr/m/n/12 ## 61.5 44.6 30.0 55.0 43.9 45.9 42.9 42.5 41.1 43.3 43.2 43.
4[] 
 []

[10 <./figure/unnamed-chunk-10-1.pdf>]
<figure/unnamed-chunk-10-2.pdf, id=132, 578.16pt x 433.62pt>
File: figure/unnamed-chunk-10-2.pdf Graphic file (type pdf)

<use figure/unnamed-chunk-10-2.pdf>
Package pdftex.def Info: figure/unnamed-chunk-10-2.pdf used on input line 308.
(pdftex.def)             Requested size: 390.0pt x 292.4956pt.

Overfull \hbox (56.39981pt too wide) in paragraph at lines 311--311
[]\OT1/pcr/m/n/12 ##  AFR ANTH  ART ARTH ASST ASTR  BIO CHEM CHIN CLAS COMP CSC
I[] 
 []


Overfull \hbox (56.39981pt too wide) in paragraph at lines 312--312
[]\OT1/pcr/m/n/12 ## 43.3 48.0 49.7 54.0 55.0 57.7 46.7 48.3 38.3 46.4 45.7 45.
8[] 
 []


Overfull \hbox (56.39981pt too wide) in paragraph at lines 313--313
[]\OT1/pcr/m/n/12 ## DANC ECON ENGL ENVI GEOS GERM GOES HIST HSCI JAPN  KOR LAT
S[] 
 []


Overfull \hbox (56.39981pt too wide) in paragraph at lines 314--314
[]\OT1/pcr/m/n/12 ## 51.0 44.1 47.8 48.0 50.5 50.0 45.0 44.8 69.0 44.7 36.0 33.
0[] 
 []


Overfull \hbox (56.39981pt too wide) in paragraph at lines 315--315
[]\OT1/pcr/m/n/12 ## LEAD  LIB LING MAST MATH  MUS   PE PHIL PHYS PSCI PSYC  RE
L[] 
 []


Overfull \hbox (56.39981pt too wide) in paragraph at lines 316--316
[]\OT1/pcr/m/n/12 ## 62.5 45.6 31.0 56.0 44.9 46.9 43.9 42.9 42.1 44.3 44.2 44.
4[] 
 []

<figure/unnamed-chunk-10-3.pdf, id=133, 578.16pt x 433.62pt>
File: figure/unnamed-chunk-10-3.pdf Graphic file (type pdf)

<use figure/unnamed-chunk-10-3.pdf>
Package pdftex.def Info: figure/unnamed-chunk-10-3.pdf used on input line 321.
(pdftex.def)             Requested size: 390.0pt x 292.4956pt.
 [11 <./figure/unnamed-chunk-10-2.pdf>]
Overfull \hbox (56.39981pt too wide) in paragraph at lines 324--324
[]\OT1/pcr/m/n/12 ##  AFR AMST ANTH  ART ARTH ASST ASTR  BIO CHEM CHIN CLAS COM
P[] 
 []


Overfull \hbox (56.39981pt too wide) in paragraph at lines 325--325
[]\OT1/pcr/m/n/12 ## 40.4 34.0 51.0 50.4 55.7 56.0 58.7 47.7 46.1 37.0 47.4 46.
7[] 
 []


Overfull \hbox (56.39981pt too wide) in paragraph at lines 326--326
[]\OT1/pcr/m/n/12 ## CSCI DANC ECON ENGL ENVI GEOS GERM GOES HIST HSCI JAPN  KO
R[] 
 []


Overfull \hbox (56.39981pt too wide) in paragraph at lines 327--327
[]\OT1/pcr/m/n/12 ## 40.1 52.0 42.1 49.6 48.6 47.1 51.0 46.0 44.6 70.0 42.0 37.
0[] 
 []


Overfull \hbox (56.39981pt too wide) in paragraph at lines 328--328
[]\OT1/pcr/m/n/12 ## LATS LEAD  LIB LING MAST MATH  MUS   PE PHIL PHYS PSCI PSY
C[] 
 []


Overfull \hbox (56.39981pt too wide) in paragraph at lines 329--329
[]\OT1/pcr/m/n/12 ## 34.0 56.0 46.6 32.0 57.0 41.3 45.4 43.4 45.1 43.1 44.3 44.
4[] 
 []

<figure/unnamed-chunk-10-4.pdf, id=143, 578.16pt x 433.62pt>
File: figure/unnamed-chunk-10-4.pdf Graphic file (type pdf)

<use figure/unnamed-chunk-10-4.pdf>
Package pdftex.def Info: figure/unnamed-chunk-10-4.pdf used on input line 334.
(pdftex.def)             Requested size: 390.0pt x 292.4956pt.
 [12 <./figure/unnamed-chunk-10-3.pdf>]
Overfull \hbox (56.39981pt too wide) in paragraph at lines 337--337
[]\OT1/pcr/m/n/12 ##  AFR AMST ANTH  ART ARTH ASST ASTR  BIO CHEM CHIN CLAS COM
P[] 
 []


Overfull \hbox (56.39981pt too wide) in paragraph at lines 338--338
[]\OT1/pcr/m/n/12 ## 46.0 44.0 46.9 50.8 53.6 57.0 59.7 48.7 45.2 38.0 48.4 36.
7[] 
 []


Overfull \hbox (56.39981pt too wide) in paragraph at lines 339--339
[]\OT1/pcr/m/n/12 ## CSCI DANC ECON ENGL ENVI GEOS GERM GOES HIST HSCI JAPN LAT
S[] 
 []


Overfull \hbox (56.39981pt too wide) in paragraph at lines 340--340
[]\OT1/pcr/m/n/12 ## 40.0 45.5 44.0 50.4 54.4 49.6 48.2 47.0 47.5 71.0 43.0 35.
3[] 
 []


Overfull \hbox (56.39981pt too wide) in paragraph at lines 341--341
[]\OT1/pcr/m/n/12 ## LEAD  LIB LING MAST MATH  MUS   PE PHIL PHYS PSCI PSYC  RE
L[] 
 []


Overfull \hbox (56.39981pt too wide) in paragraph at lines 342--342
[]\OT1/pcr/m/n/12 ## 60.0 46.1 32.5 58.0 43.9 46.2 43.6 44.5 44.1 45.1 47.1 45.
1[] 
 []

<figure/unnamed-chunk-10-5.pdf, id=153, 578.16pt x 433.62pt>
File: figure/unnamed-chunk-10-5.pdf Graphic file (type pdf)

<use figure/unnamed-chunk-10-5.pdf>
Package pdftex.def Info: figure/unnamed-chunk-10-5.pdf used on input line 347.
(pdftex.def)             Requested size: 390.0pt x 292.4956pt.
 [13 <./figure/unnamed-chunk-10-4.pdf>]
Overfull \hbox (56.39981pt too wide) in paragraph at lines 350--350
[]\OT1/pcr/m/n/12 ##  AFR AMST ANTH ARAB  ART ARTH ASST ASTR  BIO CHEM CHIN CLA
S[] 
 []


Overfull \hbox (56.39981pt too wide) in paragraph at lines 351--351
[]\OT1/pcr/m/n/12 ## 32.3 45.0 50.6 37.0 50.7 57.6 58.0 62.5 49.4 46.3 35.5 41.
0[] 
 []


Overfull \hbox (56.39981pt too wide) in paragraph at lines 352--352
[]\OT1/pcr/m/n/12 ## COMP CSCI DANC ECON ENGL ENVI GEOS GERM GOES HIST HSCI JAP
N[] 
 []


Overfull \hbox (56.39981pt too wide) in paragraph at lines 353--353
[]\OT1/pcr/m/n/12 ## 35.5 41.0 46.5 44.9 50.2 43.8 49.9 48.2 48.0 47.2 72.0 47.
7[] 
 []


Overfull \hbox (56.39981pt too wide) in paragraph at lines 354--354
[]\OT1/pcr/m/n/12 ## LATS LEAD  LIB LING MAST MATH  MUS   PE PHIL PHYS PSCI PSY
C[] 
 []


Overfull \hbox (56.39981pt too wide) in paragraph at lines 355--355
[]\OT1/pcr/m/n/12 ## 34.8 57.5 46.9 33.5 59.0 44.7 48.0 43.2 49.5 43.7 47.6 49.
2[] 
 []

<figure/unnamed-chunk-10-6.pdf, id=165, 578.16pt x 433.62pt>
File: figure/unnamed-chunk-10-6.pdf Graphic file (type pdf)

<use figure/unnamed-chunk-10-6.pdf>
Package pdftex.def Info: figure/unnamed-chunk-10-6.pdf used on input line 360.
(pdftex.def)             Requested size: 390.0pt x 292.4956pt.
 [14 <./figure/unnamed-chunk-10-5.pdf>]
Overfull \hbox (56.39981pt too wide) in paragraph at lines 363--363
[]\OT1/pcr/m/n/12 ##       AFR AMST ANTH ARAB  ART ARTH ASST ASTR  BIO CHEM CHI
N[] 
 []


Overfull \hbox (56.39981pt too wide) in paragraph at lines 364--364
[]\OT1/pcr/m/n/12 ##   NA 36.8 46.0 54.5 38.0 53.1 58.1 59.0 61.7 50.4 48.5 42.
3[] 
 []


Overfull \hbox (56.39981pt too wide) in paragraph at lines 365--365
[]\OT1/pcr/m/n/12 ## CLAS COMP CSCI DANC ECON ENGL ENVI GEOS GERM HIST HSCI JAP
N[] 
 []


Overfull \hbox (56.39981pt too wide) in paragraph at lines 366--366
[]\OT1/pcr/m/n/12 ## 44.8 36.5 42.0 47.5 44.4 51.9 46.7 50.9 54.0 48.5 73.0 48.
7[] 
 []


Overfull \hbox (56.39981pt too wide) in paragraph at lines 367--367
[]\OT1/pcr/m/n/12 ## LATS LEAD  LIB LING MAST MATH  MUS NSCI   PE PHIL PHYS PSC
I[] 
 []


Overfull \hbox (56.39981pt too wide) in paragraph at lines 368--368
[]\OT1/pcr/m/n/12 ## 35.8 51.5 48.8 35.0 60.0 46.3 50.4 47.0 44.4 50.5 44.7 48.
9[] 
 []

<figure/unnamed-chunk-10-7.pdf, id=175, 578.16pt x 433.62pt>
File: figure/unnamed-chunk-10-7.pdf Graphic file (type pdf)

<use figure/unnamed-chunk-10-7.pdf>
Package pdftex.def Info: figure/unnamed-chunk-10-7.pdf used on input line 373.
(pdftex.def)             Requested size: 390.0pt x 292.4956pt.
 [15 <./figure/unnamed-chunk-10-6.pdf>]
Overfull \hbox (56.39981pt too wide) in paragraph at lines 376--376
[]\OT1/pcr/m/n/12 ##  AFR AMST ANTH ARAB  ART ARTH ASST ASTR  BIO CHEM CHIN CLA
S[] 
 []


Overfull \hbox (56.39981pt too wide) in paragraph at lines 377--377
[]\OT1/pcr/m/n/12 ## 38.5 41.0 55.5 39.0 54.0 59.1 46.5 64.5 51.2 49.5 39.5 45.
8[] 
 []


Overfull \hbox (56.39981pt too wide) in paragraph at lines 378--378
[]\OT1/pcr/m/n/12 ## COMP CSCI DANC ECON ENGL ENVI GEOS GERM HIST HSCI JAPN LAT
S[] 
 []


Overfull \hbox (56.39981pt too wide) in paragraph at lines 379--379
[]\OT1/pcr/m/n/12 ## 39.7 43.0 48.5 45.2 52.7 42.5 51.9 55.0 48.6 74.0 44.8 36.
0[] 
 []


Overfull \hbox (56.39981pt too wide) in paragraph at lines 380--380
[]\OT1/pcr/m/n/12 ## LEAD  LIB MAST MATH  MUS NSCI   PE PHIL PHYS PSCI PSYC  RE
L[] 
 []


Overfull \hbox (56.39981pt too wide) in paragraph at lines 381--381
[]\OT1/pcr/m/n/12 ## 47.7 48.8 61.0 47.3 49.8 48.0 45.0 49.1 46.0 48.2 49.4 45.
9[] 
 []

<figure/unnamed-chunk-10-8.pdf, id=185, 578.16pt x 433.62pt>
File: figure/unnamed-chunk-10-8.pdf Graphic file (type pdf)

<use figure/unnamed-chunk-10-8.pdf>
Package pdftex.def Info: figure/unnamed-chunk-10-8.pdf used on input line 386.
(pdftex.def)             Requested size: 390.0pt x 292.4956pt.
 [16 <./figure/unnamed-chunk-10-7.pdf>]
Overfull \hbox (56.39981pt too wide) in paragraph at lines 389--389
[]\OT1/pcr/m/n/12 ##  AFR AMST ANTH ARAB  ART ARTH ASST ASTR  BIO CHEM CHIN CLA
S[] 
 []


Overfull \hbox (56.39981pt too wide) in paragraph at lines 390--390
[]\OT1/pcr/m/n/12 ## 37.2 42.0 56.5 40.0 55.4 53.0 47.5 63.7 51.5 48.7 44.3 46.
8[] 
 []


Overfull \hbox (56.39981pt too wide) in paragraph at lines 391--391
[]\OT1/pcr/m/n/12 ## COMP CSCI DANC ECON ENGL ENVI GEOS GERM HIST HSCI JAPN LAT
S[] 
 []


Overfull \hbox (56.39981pt too wide) in paragraph at lines 392--392
[]\OT1/pcr/m/n/12 ## 40.7 44.0 44.0 47.0 52.7 42.0 52.9 50.8 50.8 75.0 43.8 35.
2[] 
 []


Overfull \hbox (56.39981pt too wide) in paragraph at lines 393--393
[]\OT1/pcr/m/n/12 ## LEAD  LIB MAST MATH  MUS NSCI   PE PHIL PHYS PSCI PSYC  RE
L[] 
 []


Overfull \hbox (56.39981pt too wide) in paragraph at lines 394--394
[]\OT1/pcr/m/n/12 ## 53.5 62.0 62.0 48.5 48.8 49.0 45.0 50.1 45.3 46.3 47.1 46.
9[] 
 []

<figure/unnamed-chunk-10-9.pdf, id=195, 578.16pt x 433.62pt>
File: figure/unnamed-chunk-10-9.pdf Graphic file (type pdf)

<use figure/unnamed-chunk-10-9.pdf>
Package pdftex.def Info: figure/unnamed-chunk-10-9.pdf used on input line 399.
(pdftex.def)             Requested size: 390.0pt x 292.4956pt.
 [17 <./figure/unnamed-chunk-10-8.pdf>]
Overfull \hbox (56.39981pt too wide) in paragraph at lines 402--402
[]\OT1/pcr/m/n/12 ##  AFR AMST ANTH ARAB  ART ARTH ASST ASTR  BIO CHEM CHIN CLA
S[] 
 []


Overfull \hbox (56.39981pt too wide) in paragraph at lines 403--403
[]\OT1/pcr/m/n/12 ## 38.2 41.5 53.0 35.0 53.6 53.2 62.0 66.5 53.3 47.4 43.0 43.
0[] 
 []


Overfull \hbox (56.39981pt too wide) in paragraph at lines 404--404
[]\OT1/pcr/m/n/12 ## COMP CSCI DANC ECON ENGL ENVI GEOS GERM HIST HSCI JAPN LAT
S[] 
 []


Overfull \hbox (56.39981pt too wide) in paragraph at lines 405--405
[]\OT1/pcr/m/n/12 ## 41.7 45.0 49.3 49.3 53.1 42.5 49.4 51.8 48.8 76.0 40.6 38.
0[] 
 []


Overfull \hbox (56.39981pt too wide) in paragraph at lines 406--406
[]\OT1/pcr/m/n/12 ## LEAD  LIB MAST MATH  MUS NSCI   PE PHIL PHYS PSCI PSYC  RE
L[] 
 []


Overfull \hbox (56.39981pt too wide) in paragraph at lines 407--407
[]\OT1/pcr/m/n/12 ## 58.0 63.0 63.0 46.9 46.0 50.0 44.1 49.2 47.7 44.8 46.4 44.
3[] 
 []

<figure/unnamed-chunk-10-10.pdf, id=205, 578.16pt x 433.62pt>
File: figure/unnamed-chunk-10-10.pdf Graphic file (type pdf)

<use figure/unnamed-chunk-10-10.pdf>
Package pdftex.def Info: figure/unnamed-chunk-10-10.pdf used on input line 412.

(pdftex.def)             Requested size: 390.0pt x 292.4956pt.
 [18 <./figure/unnamed-chunk-10-9.pdf>]
Overfull \hbox (56.39981pt too wide) in paragraph at lines 415--415
[]\OT1/pcr/m/n/12 ##       AFR AMST ANTH ARAB  ART ARTH ASST ASTR  BIO CHEM CHI
N[] 
 []


Overfull \hbox (56.39981pt too wide) in paragraph at lines 416--416
[]\OT1/pcr/m/n/12 ## 44.0 43.0 42.5 54.0 37.0 54.9 49.3 63.0 67.5 51.2 47.4 40.
2[] 
 []


Overfull \hbox (56.39981pt too wide) in paragraph at lines 417--417
[]\OT1/pcr/m/n/12 ## CLAS COMP CSCI DANC ECON ENGL ENVI GEOS GERM HIST HSCI INS
T[] 
 []


Overfull \hbox (56.39981pt too wide) in paragraph at lines 418--418
[]\OT1/pcr/m/n/12 ## 42.4 41.0 46.0 43.5 47.6 51.7 40.3 50.8 52.2 49.3 77.0 41.
0[] 
 []


Overfull \hbox (56.39981pt too wide) in paragraph at lines 419--419
[]\OT1/pcr/m/n/12 ## JAPN LATS LEAD MAST MATH  MUS NSCI   PE PHIL PHYS PSCI PSY
C[] 
 []


Overfull \hbox (56.39981pt too wide) in paragraph at lines 420--420
[]\OT1/pcr/m/n/12 ## 45.2 35.0 53.0 64.0 42.9 49.6 51.0 43.9 50.2 47.3 46.7 46.
7[] 
 []


Package xcolor Warning: Incompatible color definition on input line 435.

<figure/unnamed-chunk-11-1.pdf, id=215, 578.16pt x 433.62pt> [19 <./figure/unna
med-chunk-10-10.pdf>]
File: figure/unnamed-chunk-11-1.pdf Graphic file (type pdf)
 <use figure/unnamed-chunk-11-1.pdf>
Package pdftex.def Info: figure/unnamed-chunk-11-1.pdf used on input line 436.
(pdftex.def)             Requested size: 390.0pt x 292.4956pt.

<figure/unnamed-chunk-11-2.pdf, id=226, 578.16pt x 433.62pt>
File: figure/unnamed-chunk-11-2.pdf Graphic file (type pdf)

<use figure/unnamed-chunk-11-2.pdf>
Package pdftex.def Info: figure/unnamed-chunk-11-2.pdf used on input line 443.
(pdftex.def)             Requested size: 390.0pt x 292.4956pt.
 [20 <./figure/unnamed-chunk-11-1.pdf>]
<figure/unnamed-chunk-11-3.pdf, id=236, 578.16pt x 433.62pt>
File: figure/unnamed-chunk-11-3.pdf Graphic file (type pdf)

<use figure/unnamed-chunk-11-3.pdf>
Package pdftex.def Info: figure/unnamed-chunk-11-3.pdf used on input line 450.
(pdftex.def)             Requested size: 390.0pt x 292.4956pt.
 [21 <./figure/unnamed-chunk-11-2.pdf>]
<figure/unnamed-chunk-11-4.pdf, id=246, 578.16pt x 433.62pt>
File: figure/unnamed-chunk-11-4.pdf Graphic file (type pdf)

<use figure/unnamed-chunk-11-4.pdf>
Package pdftex.def Info: figure/unnamed-chunk-11-4.pdf used on input line 457.
(pdftex.def)             Requested size: 390.0pt x 292.4956pt.
 [22 <./figure/unnamed-chunk-11-3.pdf>]
<figure/unnamed-chunk-11-5.pdf, id=256, 578.16pt x 433.62pt>
File: figure/unnamed-chunk-11-5.pdf Graphic file (type pdf)

<use figure/unnamed-chunk-11-5.pdf>
Package pdftex.def Info: figure/unnamed-chunk-11-5.pdf used on input line 464.
(pdftex.def)             Requested size: 390.0pt x 292.4956pt.
 [23 <./figure/unnamed-chunk-11-4.pdf>]
<figure/unnamed-chunk-11-6.pdf, id=266, 578.16pt x 433.62pt>
File: figure/unnamed-chunk-11-6.pdf Graphic file (type pdf)

<use figure/unnamed-chunk-11-6.pdf>
Package pdftex.def Info: figure/unnamed-chunk-11-6.pdf used on input line 471.
(pdftex.def)             Requested size: 390.0pt x 292.4956pt.
 [24 <./figure/unnamed-chunk-11-5.pdf>]
<figure/unnamed-chunk-11-7.pdf, id=276, 578.16pt x 433.62pt>
File: figure/unnamed-chunk-11-7.pdf Graphic file (type pdf)

<use figure/unnamed-chunk-11-7.pdf>
Package pdftex.def Info: figure/unnamed-chunk-11-7.pdf used on input line 478.
(pdftex.def)             Requested size: 390.0pt x 292.4956pt.
 [25 <./figure/unnamed-chunk-11-6.pdf>]
<figure/unnamed-chunk-11-8.pdf, id=287, 578.16pt x 433.62pt>
File: figure/unnamed-chunk-11-8.pdf Graphic file (type pdf)

<use figure/unnamed-chunk-11-8.pdf>
Package pdftex.def Info: figure/unnamed-chunk-11-8.pdf used on input line 485.
(pdftex.def)             Requested size: 390.0pt x 292.4956pt.
 [26 <./figure/unnamed-chunk-11-7.pdf>]
<figure/unnamed-chunk-11-9.pdf, id=297, 578.16pt x 433.62pt>
File: figure/unnamed-chunk-11-9.pdf Graphic file (type pdf)

<use figure/unnamed-chunk-11-9.pdf>
Package pdftex.def Info: figure/unnamed-chunk-11-9.pdf used on input line 492.
(pdftex.def)             Requested size: 390.0pt x 292.4956pt.
 [27 <./figure/unnamed-chunk-11-8.pdf>]
<figure/unnamed-chunk-11-10.pdf, id=308, 578.16pt x 433.62pt>
File: figure/unnamed-chunk-11-10.pdf Graphic file (type pdf)

<use figure/unnamed-chunk-11-10.pdf>
Package pdftex.def Info: figure/unnamed-chunk-11-10.pdf used on input line 499.

(pdftex.def)             Requested size: 390.0pt x 292.4956pt.
 [28 <./figure/unnamed-chunk-11-9.pdf>]

Package xcolor Warning: Incompatible color definition on input line 514.

<figure/unnamed-chunk-12-1.pdf, id=318, 578.16pt x 433.62pt>
File: figure/unnamed-chunk-12-1.pdf Graphic file (type pdf)

<use figure/unnamed-chunk-12-1.pdf>
Package pdftex.def Info: figure/unnamed-chunk-12-1.pdf used on input line 515.
(pdftex.def)             Requested size: 390.0pt x 292.4956pt.
 [29 <./figure/unnamed-chunk-11-10.pdf>]
Overfull \hbox (113.99979pt too wide) in paragraph at lines 517--517
[]\OT1/pcr/m/n/12 ## [1] "Correlation Between Age and Year of Terminal Degree 2
004-2005"[] 
 []

<figure/unnamed-chunk-12-2.pdf, id=328, 578.16pt x 433.62pt>
File: figure/unnamed-chunk-12-2.pdf Graphic file (type pdf)

<use figure/unnamed-chunk-12-2.pdf>
Package pdftex.def Info: figure/unnamed-chunk-12-2.pdf used on input line 521.
(pdftex.def)             Requested size: 390.0pt x 292.4956pt.
 [30 <./figure/unnamed-chunk-12-1.pdf>]
Overfull \hbox (113.99979pt too wide) in paragraph at lines 523--523
[]\OT1/pcr/m/n/12 ## [1] "Correlation Between Age and Year of Terminal Degree 2
005-2006"[] 
 []

<figure/unnamed-chunk-12-3.pdf, id=338, 578.16pt x 433.62pt>
File: figure/unnamed-chunk-12-3.pdf Graphic file (type pdf)

<use figure/unnamed-chunk-12-3.pdf>
Package pdftex.def Info: figure/unnamed-chunk-12-3.pdf used on input line 527.
(pdftex.def)             Requested size: 390.0pt x 292.4956pt.
 [31 <./figure/unnamed-chunk-12-2.pdf>]
Overfull \hbox (113.99979pt too wide) in paragraph at lines 529--529
[]\OT1/pcr/m/n/12 ## [1] "Correlation Between Age and Year of Terminal Degree 2
006-2007"[] 
 []

<figure/unnamed-chunk-12-4.pdf, id=349, 578.16pt x 433.62pt>
File: figure/unnamed-chunk-12-4.pdf Graphic file (type pdf)

<use figure/unnamed-chunk-12-4.pdf>
Package pdftex.def Info: figure/unnamed-chunk-12-4.pdf used on input line 533.
(pdftex.def)             Requested size: 390.0pt x 292.4956pt.
 [32 <./figure/unnamed-chunk-12-3.pdf>]
Overfull \hbox (113.99979pt too wide) in paragraph at lines 535--535
[]\OT1/pcr/m/n/12 ## [1] "Correlation Between Age and Year of Terminal Degree 2
007-2008"[] 
 []

<figure/unnamed-chunk-12-5.pdf, id=359, 578.16pt x 433.62pt>
File: figure/unnamed-chunk-12-5.pdf Graphic file (type pdf)

<use figure/unnamed-chunk-12-5.pdf>
Package pdftex.def Info: figure/unnamed-chunk-12-5.pdf used on input line 539.
(pdftex.def)             Requested size: 390.0pt x 292.4956pt.
 [33 <./figure/unnamed-chunk-12-4.pdf>]
Overfull \hbox (113.99979pt too wide) in paragraph at lines 541--541
[]\OT1/pcr/m/n/12 ## [1] "Correlation Between Age and Year of Terminal Degree 2
008-2009"[] 
 []

<figure/unnamed-chunk-12-6.pdf, id=369, 578.16pt x 433.62pt>
File: figure/unnamed-chunk-12-6.pdf Graphic file (type pdf)

<use figure/unnamed-chunk-12-6.pdf>
Package pdftex.def Info: figure/unnamed-chunk-12-6.pdf used on input line 545.
(pdftex.def)             Requested size: 390.0pt x 292.4956pt.
 [34 <./figure/unnamed-chunk-12-5.pdf>]
Overfull \hbox (113.99979pt too wide) in paragraph at lines 547--547
[]\OT1/pcr/m/n/12 ## [1] "Correlation Between Age and Year of Terminal Degree 2
009-2010"[] 
 []

<figure/unnamed-chunk-12-7.pdf, id=379, 578.16pt x 433.62pt>
File: figure/unnamed-chunk-12-7.pdf Graphic file (type pdf)

<use figure/unnamed-chunk-12-7.pdf>
Package pdftex.def Info: figure/unnamed-chunk-12-7.pdf used on input line 551.
(pdftex.def)             Requested size: 390.0pt x 292.4956pt.
 [35 <./figure/unnamed-chunk-12-6.pdf>]
Overfull \hbox (113.99979pt too wide) in paragraph at lines 553--553
[]\OT1/pcr/m/n/12 ## [1] "Correlation Between Age and Year of Terminal Degree 2
010-2011"[] 
 []

<figure/unnamed-chunk-12-8.pdf, id=389, 578.16pt x 433.62pt>
File: figure/unnamed-chunk-12-8.pdf Graphic file (type pdf)

<use figure/unnamed-chunk-12-8.pdf>
Package pdftex.def Info: figure/unnamed-chunk-12-8.pdf used on input line 557.
(pdftex.def)             Requested size: 390.0pt x 292.4956pt.
 [36 <./figure/unnamed-chunk-12-7.pdf>]
Overfull \hbox (113.99979pt too wide) in paragraph at lines 559--559
[]\OT1/pcr/m/n/12 ## [1] "Correlation Between Age and Year of Terminal Degree 2
011-2012"[] 
 []

<figure/unnamed-chunk-12-9.pdf, id=399, 578.16pt x 433.62pt>
File: figure/unnamed-chunk-12-9.pdf Graphic file (type pdf)

<use figure/unnamed-chunk-12-9.pdf>
Package pdftex.def Info: figure/unnamed-chunk-12-9.pdf used on input line 563.
(pdftex.def)             Requested size: 390.0pt x 292.4956pt.
 [37 <./figure/unnamed-chunk-12-8.pdf>]
Overfull \hbox (113.99979pt too wide) in paragraph at lines 565--565
[]\OT1/pcr/m/n/12 ## [1] "Correlation Between Age and Year of Terminal Degree 2
012-2013"[] 
 []

<figure/unnamed-chunk-12-10.pdf, id=410, 578.16pt x 433.62pt>
File: figure/unnamed-chunk-12-10.pdf Graphic file (type pdf)

<use figure/unnamed-chunk-12-10.pdf>
Package pdftex.def Info: figure/unnamed-chunk-12-10.pdf used on input line 569.

(pdftex.def)             Requested size: 390.0pt x 292.4956pt.
 [38 <./figure/unnamed-chunk-12-9.pdf>]
Overfull \hbox (113.99979pt too wide) in paragraph at lines 571--571
[]\OT1/pcr/m/n/12 ## [1] "Correlation Between Age and Year of Terminal Degree 2
013-2014"[] 
 []


Package xcolor Warning: Incompatible color definition on input line 581.

<figure/unnamed-chunk-13-1.pdf, id=420, 578.16pt x 433.62pt>
File: figure/unnamed-chunk-13-1.pdf Graphic file (type pdf)

<use figure/unnamed-chunk-13-1.pdf>
Package pdftex.def Info: figure/unnamed-chunk-13-1.pdf used on input line 582.
(pdftex.def)             Requested size: 390.0pt x 292.4956pt.
 [39 <./figure/unnamed-chunk-12-10.pdf>]
LaTeX Font Info:    Try loading font information for TS1+pcr on input line 584.


(/usr/local/texlive/2015/texmf-dist/tex/latex/psnfss/ts1pcr.fd
File: ts1pcr.fd 2001/06/04 font definitions for TS1/pcr.
)
Overfull \hbox (113.99979pt too wide) in paragraph at lines 584--584
[]\OT1/pcr/m/n/12 ## [1] "Avg Time b/w Bachelor\TS1/pcr/m/n/12 '\OT1/pcr/m/n/12
 s and Terminal Degree by Dept 2004-2005"[] 
 []


Overfull \hbox (56.39981pt too wide) in paragraph at lines 585--585
[]\OT1/pcr/m/n/12 ##  AFR ANTH  ART ARTH ASST ASTR  BIO CHEM CHIN CLAS COMP CSC
I[] 
 []


Overfull \hbox (56.39981pt too wide) in paragraph at lines 586--586
[]\OT1/pcr/m/n/12 ##  7.0 10.6  7.0 12.6  9.0  6.3  6.7  5.7 15.0  7.6  9.0  8.
1[] 
 []


Overfull \hbox (56.39981pt too wide) in paragraph at lines 587--587
[]\OT1/pcr/m/n/12 ## DANC ECON ENGL ENVI GEOS GERM GOES HIST HSCI JAPN  KOR LAT
S[] 
 []


Overfull \hbox (56.39981pt too wide) in paragraph at lines 588--588
[]\OT1/pcr/m/n/12 ## 11.0  7.8  6.9 12.7  5.5  4.8 16.0  9.0  8.0 13.3 11.0  9.
5[] 
 []


Overfull \hbox (56.39981pt too wide) in paragraph at lines 589--589
[]\OT1/pcr/m/n/12 ## LEAD  LIB LING MAST MATH  MUS   PE PHIL PHYS PSCI PSYC  RE
L[] 
 []


Overfull \hbox (56.39981pt too wide) in paragraph at lines 590--590
[]\OT1/pcr/m/n/12 ##  7.0  6.8  7.0  8.0  6.0  9.0  7.4  9.6  6.0 10.1  5.9 10.
7[] 
 []

<figure/unnamed-chunk-13-2.pdf, id=430, 578.16pt x 433.62pt>
File: figure/unnamed-chunk-13-2.pdf Graphic file (type pdf)

<use figure/unnamed-chunk-13-2.pdf>
Package pdftex.def Info: figure/unnamed-chunk-13-2.pdf used on input line 595.
(pdftex.def)             Requested size: 390.0pt x 292.4956pt.
 [40 <./figure/unnamed-chunk-13-1.pdf>]
Overfull \hbox (113.99979pt too wide) in paragraph at lines 597--597
[]\OT1/pcr/m/n/12 ## [1] "Avg Time b/w Bachelor\TS1/pcr/m/n/12 '\OT1/pcr/m/n/12
 s and Terminal Degree by Dept 2005-2006"[] 
 []


Overfull \hbox (56.39981pt too wide) in paragraph at lines 598--598
[]\OT1/pcr/m/n/12 ##  AFR ANTH  ART ARTH ASST ASTR  BIO CHEM CHIN CLAS COMP CSC
I[] 
 []


Overfull \hbox (56.39981pt too wide) in paragraph at lines 599--599
[]\OT1/pcr/m/n/12 ##  7.0 10.6  7.0 12.6  9.0  6.3  6.7  5.7 15.0  7.6  9.0  8.
1[] 
 []


Overfull \hbox (56.39981pt too wide) in paragraph at lines 600--600
[]\OT1/pcr/m/n/12 ## DANC ECON ENGL ENVI GEOS GERM GOES HIST HSCI JAPN  KOR LAT
S[] 
 []


Overfull \hbox (56.39981pt too wide) in paragraph at lines 601--601
[]\OT1/pcr/m/n/12 ## 11.0  7.8  6.9 12.7  5.5  4.8 16.0  9.0  8.0 13.3 11.0  9.
5[] 
 []


Overfull \hbox (56.39981pt too wide) in paragraph at lines 602--602
[]\OT1/pcr/m/n/12 ## LEAD  LIB LING MAST MATH  MUS   PE PHIL PHYS PSCI PSYC  RE
L[] 
 []


Overfull \hbox (56.39981pt too wide) in paragraph at lines 603--603
[]\OT1/pcr/m/n/12 ##  7.0  6.8  7.0  8.0  6.0  9.0  7.4  9.6  6.0 10.1  5.9 10.
7[] 
 []

<figure/unnamed-chunk-13-3.pdf, id=440, 578.16pt x 433.62pt>
File: figure/unnamed-chunk-13-3.pdf Graphic file (type pdf)

<use figure/unnamed-chunk-13-3.pdf>
Package pdftex.def Info: figure/unnamed-chunk-13-3.pdf used on input line 608.
(pdftex.def)             Requested size: 390.0pt x 292.4956pt.
 [41 <./figure/unnamed-chunk-13-2.pdf>]
Overfull \hbox (113.99979pt too wide) in paragraph at lines 610--610
[]\OT1/pcr/m/n/12 ## [1] "Avg Time b/w Bachelor\TS1/pcr/m/n/12 '\OT1/pcr/m/n/12
 s and Terminal Degree by Dept 2006-2007"[] 
 []


Overfull \hbox (56.39981pt too wide) in paragraph at lines 611--611
[]\OT1/pcr/m/n/12 ##  AFR AMST ANTH  ART ARTH ASST ASTR  BIO CHEM CHIN CLAS COM
P[] 
 []


Overfull \hbox (56.39981pt too wide) in paragraph at lines 612--612
[]\OT1/pcr/m/n/12 ##  7.6  8.0 11.2  7.3 10.8  9.0  6.3  6.7  6.0 11.2  7.0  9.
0[] 
 []


Overfull \hbox (56.39981pt too wide) in paragraph at lines 613--613
[]\OT1/pcr/m/n/12 ## CSCI DANC ECON ENGL ENVI GEOS GERM GOES HIST HSCI JAPN  KO
R[] 
 []


Overfull \hbox (56.39981pt too wide) in paragraph at lines 614--614
[]\OT1/pcr/m/n/12 ##  6.9 11.0  7.4  6.9  8.6  6.2  4.8 16.0  9.2  8.0 11.0 11.
0[] 
 []


Overfull \hbox (56.39981pt too wide) in paragraph at lines 615--615
[]\OT1/pcr/m/n/12 ## LATS LEAD  LIB LING MAST MATH  MUS   PE PHIL PHYS PSCI PSY
C[] 
 []


Overfull \hbox (56.39981pt too wide) in paragraph at lines 616--616
[]\OT1/pcr/m/n/12 ##  9.5  7.3  7.2  8.0  8.0  5.9  8.6  7.4  9.3  6.0  9.2  5.
5[] 
 []

<figure/unnamed-chunk-13-4.pdf, id=451, 578.16pt x 433.62pt>
File: figure/unnamed-chunk-13-4.pdf Graphic file (type pdf)

<use figure/unnamed-chunk-13-4.pdf>
Package pdftex.def Info: figure/unnamed-chunk-13-4.pdf used on input line 621.
(pdftex.def)             Requested size: 390.0pt x 292.4956pt.
 [42 <./figure/unnamed-chunk-13-3.pdf>]
Overfull \hbox (113.99979pt too wide) in paragraph at lines 623--623
[]\OT1/pcr/m/n/12 ## [1] "Avg Time b/w Bachelor\TS1/pcr/m/n/12 '\OT1/pcr/m/n/12
 s and Terminal Degree by Dept 2007-2008"[] 
 []


Overfull \hbox (56.39981pt too wide) in paragraph at lines 624--624
[]\OT1/pcr/m/n/12 ##  AFR AMST ANTH  ART ARTH ASST ASTR  BIO CHEM CHIN CLAS COM
P[] 
 []


Overfull \hbox (56.39981pt too wide) in paragraph at lines 625--625
[]\OT1/pcr/m/n/12 ##  6.3 13.0 11.3  6.8 11.1  9.0  6.3  6.7  5.9 11.2  7.0 11.
0[] 
 []


Overfull \hbox (56.39981pt too wide) in paragraph at lines 626--626
[]\OT1/pcr/m/n/12 ## CSCI DANC ECON ENGL ENVI GEOS GERM GOES HIST HSCI JAPN LAT
S[] 
 []


Overfull \hbox (56.39981pt too wide) in paragraph at lines 627--627
[]\OT1/pcr/m/n/12 ##  6.6  5.5  7.2  7.1  5.8  5.7  6.0 16.0  9.2  8.0 11.0  8.
7[] 
 []


Overfull \hbox (56.39981pt too wide) in paragraph at lines 628--628
[]\OT1/pcr/m/n/12 ## LEAD  LIB LING MAST MATH  MUS   PE PHIL PHYS PSCI PSYC  RE
L[] 
 []


Overfull \hbox (56.39981pt too wide) in paragraph at lines 629--629
[]\OT1/pcr/m/n/12 ##  5.5  5.3  7.0  8.0  5.6  9.0  6.5  9.6  6.0  9.0  5.6 10.
2[] 
 []

<figure/unnamed-chunk-13-5.pdf, id=461, 578.16pt x 433.62pt>
File: figure/unnamed-chunk-13-5.pdf Graphic file (type pdf)

<use figure/unnamed-chunk-13-5.pdf>
Package pdftex.def Info: figure/unnamed-chunk-13-5.pdf used on input line 634.
(pdftex.def)             Requested size: 390.0pt x 292.4956pt.
 [43 <./figure/unnamed-chunk-13-4.pdf>]
Overfull \hbox (113.99979pt too wide) in paragraph at lines 636--636
[]\OT1/pcr/m/n/12 ## [1] "Avg Time b/w Bachelor\TS1/pcr/m/n/12 '\OT1/pcr/m/n/12
 s and Terminal Degree by Dept 2008-2009"[] 
 []


Overfull \hbox (56.39981pt too wide) in paragraph at lines 637--637
[]\OT1/pcr/m/n/12 ##  AFR AMST ANTH ARAB  ART ARTH ASST ASTR  BIO CHEM CHIN CLA
S[] 
 []


Overfull \hbox (56.39981pt too wide) in paragraph at lines 638--638
[]\OT1/pcr/m/n/12 ##  6.0 13.0 11.4 11.0  5.9 12.7  9.0  5.8  6.7  5.4  7.5  7.
8[] 
 []


Overfull \hbox (56.39981pt too wide) in paragraph at lines 639--639
[]\OT1/pcr/m/n/12 ## COMP CSCI DANC ECON ENGL ENVI GEOS GERM GOES HIST HSCI JAP
N[] 
 []


Overfull \hbox (56.39981pt too wide) in paragraph at lines 640--640
[]\OT1/pcr/m/n/12 ##  8.8  6.6  5.5  7.5  7.1  7.4  6.1  4.4 16.0  9.6  8.0 13.
3[] 
 []


Overfull \hbox (56.39981pt too wide) in paragraph at lines 641--641
[]\OT1/pcr/m/n/12 ## LATS LEAD  LIB LING MAST MATH  MUS   PE PHIL PHYS PSCI PSY
C[] 
 []


Overfull \hbox (56.39981pt too wide) in paragraph at lines 642--642
[]\OT1/pcr/m/n/12 ##  9.0  4.2  5.1  7.0  8.0  5.9  7.5  6.1  9.3  6.2 10.8  6.
3[] 
 []

<figure/unnamed-chunk-13-6.pdf, id=472, 578.16pt x 433.62pt>
File: figure/unnamed-chunk-13-6.pdf Graphic file (type pdf)

<use figure/unnamed-chunk-13-6.pdf>
Package pdftex.def Info: figure/unnamed-chunk-13-6.pdf used on input line 647.
(pdftex.def)             Requested size: 390.0pt x 292.4956pt.
 [44 <./figure/unnamed-chunk-13-5.pdf>]
Overfull \hbox (113.99979pt too wide) in paragraph at lines 649--649
[]\OT1/pcr/m/n/12 ## [1] "Avg Time b/w Bachelor\TS1/pcr/m/n/12 '\OT1/pcr/m/n/12
 s and Terminal Degree by Dept 2009-2010"[] 
 []


Overfull \hbox (56.39981pt too wide) in paragraph at lines 650--650
[]\OT1/pcr/m/n/12 ##       AFR AMST ANTH ARAB  ART ARTH ASST ASTR  BIO CHEM CHI
N[] 
 []


Overfull \hbox (56.39981pt too wide) in paragraph at lines 651--651
[]\OT1/pcr/m/n/12 ##   NA  7.8 13.0 10.8 11.0  6.2 11.0  9.0  6.3  6.8  5.8 15.
0[] 
 []


Overfull \hbox (56.39981pt too wide) in paragraph at lines 652--652
[]\OT1/pcr/m/n/12 ## CLAS COMP CSCI DANC ECON ENGL ENVI GEOS GERM HIST HSCI JAP
N[] 
 []


Overfull \hbox (56.39981pt too wide) in paragraph at lines 653--653
[]\OT1/pcr/m/n/12 ##  7.8  8.8  6.6  5.5  7.8  7.2  9.7  6.1  4.8  9.6  8.0 13.
3[] 
 []


Overfull \hbox (56.39981pt too wide) in paragraph at lines 654--654
[]\OT1/pcr/m/n/12 ## LATS LEAD  LIB LING MAST MATH  MUS NSCI   PE PHIL PHYS PSC
I[] 
 []


Overfull \hbox (56.39981pt too wide) in paragraph at lines 655--655
[]\OT1/pcr/m/n/12 ##  9.0  3.0  5.3  7.0  8.0  5.9  8.5 11.0  6.0  9.3  6.2 10.
1[] 
 []

<figure/unnamed-chunk-13-7.pdf, id=482, 578.16pt x 433.62pt>
File: figure/unnamed-chunk-13-7.pdf Graphic file (type pdf)

<use figure/unnamed-chunk-13-7.pdf>
Package pdftex.def Info: figure/unnamed-chunk-13-7.pdf used on input line 660.
(pdftex.def)             Requested size: 390.0pt x 292.4956pt.
 [45 <./figure/unnamed-chunk-13-6.pdf>]
Overfull \hbox (113.99979pt too wide) in paragraph at lines 662--662
[]\OT1/pcr/m/n/12 ## [1] "Avg Time b/w Bachelor\TS1/pcr/m/n/12 '\OT1/pcr/m/n/12
 s and Terminal Degree by Dept 2010-2011"[] 
 []


Overfull \hbox (56.39981pt too wide) in paragraph at lines 663--663
[]\OT1/pcr/m/n/12 ##  AFR AMST ANTH ARAB  ART ARTH ASST ASTR  BIO CHEM CHIN CLA
S[] 
 []


Overfull \hbox (56.39981pt too wide) in paragraph at lines 664--664
[]\OT1/pcr/m/n/12 ##  7.8 11.0 10.8 11.0  6.3 11.0  7.0  5.8  6.8  5.8 12.0  7.
8[] 
 []


Overfull \hbox (56.39981pt too wide) in paragraph at lines 665--665
[]\OT1/pcr/m/n/12 ## COMP CSCI DANC ECON ENGL ENVI GEOS GERM HIST HSCI JAPN LAT
S[] 
 []


Overfull \hbox (56.39981pt too wide) in paragraph at lines 666--666
[]\OT1/pcr/m/n/12 ## 11.0  6.6  5.5  7.6  6.8 10.8  6.1  4.8  9.7  8.0 11.2  9.
7[] 
 []


Overfull \hbox (56.39981pt too wide) in paragraph at lines 667--667
[]\OT1/pcr/m/n/12 ## LEAD  LIB MAST MATH  MUS NSCI   PE PHIL PHYS PSCI PSYC  RE
L[] 
 []


Overfull \hbox (56.39981pt too wide) in paragraph at lines 668--668
[]\OT1/pcr/m/n/12 ##  4.3  5.1  8.0  5.9  8.5 11.0  5.9  9.8  6.4  7.6  5.8 11.
0[] 
 []

<figure/unnamed-chunk-13-8.pdf, id=492, 578.16pt x 433.62pt>
File: figure/unnamed-chunk-13-8.pdf Graphic file (type pdf)

<use figure/unnamed-chunk-13-8.pdf>
Package pdftex.def Info: figure/unnamed-chunk-13-8.pdf used on input line 673.
(pdftex.def)             Requested size: 390.0pt x 292.4956pt.
 [46 <./figure/unnamed-chunk-13-7.pdf>]
Overfull \hbox (113.99979pt too wide) in paragraph at lines 675--675
[]\OT1/pcr/m/n/12 ## [1] "Avg Time b/w Bachelor\TS1/pcr/m/n/12 '\OT1/pcr/m/n/12
 s and Terminal Degree by Dept 2011-2012"[] 
 []


Overfull \hbox (56.39981pt too wide) in paragraph at lines 676--676
[]\OT1/pcr/m/n/12 ##  AFR AMST ANTH ARAB  ART ARTH ASST ASTR  BIO CHEM CHIN CLA
S[] 
 []


Overfull \hbox (56.39981pt too wide) in paragraph at lines 677--677
[]\OT1/pcr/m/n/12 ##  7.2 11.0 10.8 11.0  6.5 11.8  7.0  6.3  6.8  5.8 15.0  7.
8[] 
 []


Overfull \hbox (56.39981pt too wide) in paragraph at lines 678--678
[]\OT1/pcr/m/n/12 ## COMP CSCI DANC ECON ENGL ENVI GEOS GERM HIST HSCI JAPN LAT
S[] 
 []


Overfull \hbox (56.39981pt too wide) in paragraph at lines 679--679
[]\OT1/pcr/m/n/12 ## 11.0  6.6  6.3  7.5  6.7 10.8  6.1  5.4  9.5  8.0 11.0  8.
8[] 
 []


Overfull \hbox (56.39981pt too wide) in paragraph at lines 680--680
[]\OT1/pcr/m/n/12 ## LEAD  LIB MAST MATH  MUS NSCI   PE PHIL PHYS PSCI PSYC  RE
L[] 
 []


Overfull \hbox (56.39981pt too wide) in paragraph at lines 681--681
[]\OT1/pcr/m/n/12 ##  3.0  2.0  8.0  5.7  8.4 11.0  5.5  9.8  6.4  8.1  6.1 11.
0[] 
 []

<figure/unnamed-chunk-13-9.pdf, id=502, 578.16pt x 433.62pt>
File: figure/unnamed-chunk-13-9.pdf Graphic file (type pdf)

<use figure/unnamed-chunk-13-9.pdf>
Package pdftex.def Info: figure/unnamed-chunk-13-9.pdf used on input line 686.
(pdftex.def)             Requested size: 390.0pt x 292.4956pt.
 [47 <./figure/unnamed-chunk-13-8.pdf>]
Overfull \hbox (113.99979pt too wide) in paragraph at lines 688--688
[]\OT1/pcr/m/n/12 ## [1] "Avg Time b/w Bachelor\TS1/pcr/m/n/12 '\OT1/pcr/m/n/12
 s and Terminal Degree by Dept 2012-2013"[] 
 []


Overfull \hbox (56.39981pt too wide) in paragraph at lines 689--689
[]\OT1/pcr/m/n/12 ##  AFR AMST ANTH ARAB  ART ARTH ASST ASTR  BIO CHEM CHIN CLA
S[] 
 []


Overfull \hbox (56.39981pt too wide) in paragraph at lines 690--690
[]\OT1/pcr/m/n/12 ##  7.2 12.0 10.8 11.0  7.1  9.8  9.0  5.8  6.8  5.4 15.0  8.
2[] 
 []


Overfull \hbox (56.39981pt too wide) in paragraph at lines 691--691
[]\OT1/pcr/m/n/12 ## COMP CSCI DANC ECON ENGL ENVI GEOS GERM HIST HSCI JAPN LAT
S[] 
 []


Overfull \hbox (56.39981pt too wide) in paragraph at lines 692--692
[]\OT1/pcr/m/n/12 ## 11.0  6.6  5.3  7.4  7.1 10.8  6.4  5.4  9.5  8.0 11.6  9.
7[] 
 []


Overfull \hbox (56.39981pt too wide) in paragraph at lines 693--693
[]\OT1/pcr/m/n/12 ## LEAD  LIB MAST MATH  MUS NSCI   PE PHIL PHYS PSCI PSYC  RE
L[] 
 []


Overfull \hbox (56.39981pt too wide) in paragraph at lines 694--694
[]\OT1/pcr/m/n/12 ##  4.3  2.0  8.0  5.8  6.7 11.0  5.2  9.5  6.2  8.0  5.8 10.
0[] 
 []

<figure/unnamed-chunk-13-10.pdf, id=512, 578.16pt x 433.62pt>
File: figure/unnamed-chunk-13-10.pdf Graphic file (type pdf)

<use figure/unnamed-chunk-13-10.pdf>
Package pdftex.def Info: figure/unnamed-chunk-13-10.pdf used on input line 699.

(pdftex.def)             Requested size: 390.0pt x 292.4956pt.
 [48 <./figure/unnamed-chunk-13-9.pdf>]
Overfull \hbox (113.99979pt too wide) in paragraph at lines 701--701
[]\OT1/pcr/m/n/12 ## [1] "Avg Time b/w Bachelor\TS1/pcr/m/n/12 '\OT1/pcr/m/n/12
 s and Terminal Degree by Dept 2013-2014"[] 
 []


Overfull \hbox (56.39981pt too wide) in paragraph at lines 702--702
[]\OT1/pcr/m/n/12 ##       AFR AMST ANTH ARAB  ART ARTH ASST ASTR  BIO CHEM CHI
N[] 
 []


Overfull \hbox (56.39981pt too wide) in paragraph at lines 703--703
[]\OT1/pcr/m/n/12 ##  0.0  9.8 13.0 10.8 13.5  7.7  9.1  9.0  5.8  7.2  5.7 10.
8[] 
 []


Overfull \hbox (56.39981pt too wide) in paragraph at lines 704--704
[]\OT1/pcr/m/n/12 ## CLAS COMP CSCI DANC ECON ENGL ENVI GEOS GERM HIST HSCI INS
T[] 
 []


Overfull \hbox (56.39981pt too wide) in paragraph at lines 705--705
[]\OT1/pcr/m/n/12 ##  7.9 12.0  6.6  6.0  6.8  7.6 10.8  7.6  5.2  9.9  8.0  5.
0[] 
 []


Overfull \hbox (56.39981pt too wide) in paragraph at lines 706--706
[]\OT1/pcr/m/n/12 ## JAPN LATS LEAD MAST MATH  MUS NSCI   PE PHIL PHYS PSCI PSY
C[] 
 []


Overfull \hbox (56.39981pt too wide) in paragraph at lines 707--707
[]\OT1/pcr/m/n/12 ##  9.8  8.0  7.0  8.0  5.1  6.6 11.0  4.9  9.5  6.1  9.4  6.
0[] 
 []


Package xcolor Warning: Incompatible color definition on input line 718.

<figure/unnamed-chunk-14-1.pdf, id=522, 578.16pt x 289.08pt>
File: figure/unnamed-chunk-14-1.pdf Graphic file (type pdf)

<use figure/unnamed-chunk-14-1.pdf>
Package pdftex.def Info: figure/unnamed-chunk-14-1.pdf used on input line 719.
(pdftex.def)             Requested size: 390.0pt x 194.99706pt.


Package xcolor Warning: Incompatible color definition on input line 724.

[49 <./figure/unnamed-chunk-13-10.pdf>]
Overfull \hbox (49.19981pt too wide) in paragraph at lines 726--726
[]\OT1/pcr/m/n/12 ## [1] "Summary Statistics with Standard Deviation 2004-2005"
[] 
 []


Package xcolor Warning: Incompatible color definition on input line 735.

<figure/unnamed-chunk-16-1.pdf, id=533, 578.16pt x 289.08pt>
File: figure/unnamed-chunk-16-1.pdf Graphic file (type pdf)

<use figure/unnamed-chunk-16-1.pdf>
Package pdftex.def Info: figure/unnamed-chunk-16-1.pdf used on input line 736.
(pdftex.def)             Requested size: 390.0pt x 194.99706pt.


Package xcolor Warning: Incompatible color definition on input line 741.


Overfull \hbox (49.19981pt too wide) in paragraph at lines 743--743
[]\OT1/pcr/m/n/12 ## [1] "Summary Statistics with Standard Deviation 2005-2006"
[] 
 []


Package xcolor Warning: Incompatible color definition on input line 753.

<figure/unnamed-chunk-18-1.pdf, id=534, 578.16pt x 289.08pt>
File: figure/unnamed-chunk-18-1.pdf Graphic file (type pdf)

<use figure/unnamed-chunk-18-1.pdf>
Package pdftex.def Info: figure/unnamed-chunk-18-1.pdf used on input line 754.
(pdftex.def)             Requested size: 390.0pt x 194.99706pt.


Package xcolor Warning: Incompatible color definition on input line 759.

[50 <./figure/unnamed-chunk-14-1.pdf> <./figure/unnamed-chunk-16-1.pdf>]
Overfull \hbox (49.19981pt too wide) in paragraph at lines 761--761
[]\OT1/pcr/m/n/12 ## [1] "Summary Statistics with Standard Deviation 2006-2007"
[] 
 []


Package xcolor Warning: Incompatible color definition on input line 770.

<figure/unnamed-chunk-20-1.pdf, id=550, 578.16pt x 289.08pt>
File: figure/unnamed-chunk-20-1.pdf Graphic file (type pdf)

<use figure/unnamed-chunk-20-1.pdf>
Package pdftex.def Info: figure/unnamed-chunk-20-1.pdf used on input line 771.
(pdftex.def)             Requested size: 390.0pt x 194.99706pt.


Package xcolor Warning: Incompatible color definition on input line 776.


Overfull \hbox (49.19981pt too wide) in paragraph at lines 778--778
[]\OT1/pcr/m/n/12 ## [1] "Summary Statistics with Standard Deviation 2007-2008"
[] 
 []


Package xcolor Warning: Incompatible color definition on input line 788.

<figure/unnamed-chunk-22-1.pdf, id=551, 578.16pt x 289.08pt>
File: figure/unnamed-chunk-22-1.pdf Graphic file (type pdf)

<use figure/unnamed-chunk-22-1.pdf>
Package pdftex.def Info: figure/unnamed-chunk-22-1.pdf used on input line 789.
(pdftex.def)             Requested size: 390.0pt x 194.99706pt.


Package xcolor Warning: Incompatible color definition on input line 794.

[51 <./figure/unnamed-chunk-18-1.pdf> <./figure/unnamed-chunk-20-1.pdf>]
Overfull \hbox (49.19981pt too wide) in paragraph at lines 796--796
[]\OT1/pcr/m/n/12 ## [1] "Summary Statistics with Standard Deviation 2008-2009"
[] 
 []


Package xcolor Warning: Incompatible color definition on input line 805.

<figure/unnamed-chunk-24-1.pdf, id=567, 578.16pt x 289.08pt>
File: figure/unnamed-chunk-24-1.pdf Graphic file (type pdf)

<use figure/unnamed-chunk-24-1.pdf>
Package pdftex.def Info: figure/unnamed-chunk-24-1.pdf used on input line 806.
(pdftex.def)             Requested size: 390.0pt x 194.99706pt.


Package xcolor Warning: Incompatible color definition on input line 811.


Overfull \hbox (49.19981pt too wide) in paragraph at lines 813--813
[]\OT1/pcr/m/n/12 ## [1] "Summary Statistics with Standard Deviation 2009-2010"
[] 
 []


Package xcolor Warning: Incompatible color definition on input line 823.

<figure/unnamed-chunk-26-1.pdf, id=568, 578.16pt x 289.08pt>
File: figure/unnamed-chunk-26-1.pdf Graphic file (type pdf)

<use figure/unnamed-chunk-26-1.pdf>
Package pdftex.def Info: figure/unnamed-chunk-26-1.pdf used on input line 824.
(pdftex.def)             Requested size: 390.0pt x 194.99706pt.


Package xcolor Warning: Incompatible color definition on input line 829.

[52 <./figure/unnamed-chunk-22-1.pdf> <./figure/unnamed-chunk-24-1.pdf>]
Overfull \hbox (49.19981pt too wide) in paragraph at lines 831--831
[]\OT1/pcr/m/n/12 ## [1] "Summary Statistics with Standard Deviation 2010-2011"
[] 
 []


Package xcolor Warning: Incompatible color definition on input line 840.

<figure/unnamed-chunk-28-1.pdf, id=584, 578.16pt x 289.08pt>
File: figure/unnamed-chunk-28-1.pdf Graphic file (type pdf)

<use figure/unnamed-chunk-28-1.pdf>
Package pdftex.def Info: figure/unnamed-chunk-28-1.pdf used on input line 841.
(pdftex.def)             Requested size: 390.0pt x 194.99706pt.


Package xcolor Warning: Incompatible color definition on input line 846.


Overfull \hbox (49.19981pt too wide) in paragraph at lines 848--848
[]\OT1/pcr/m/n/12 ## [1] "Summary Statistics with Standard Deviation 2011-2012"
[] 
 []


Package xcolor Warning: Incompatible color definition on input line 859.

<figure/unnamed-chunk-30-1.pdf, id=585, 578.16pt x 289.08pt>
File: figure/unnamed-chunk-30-1.pdf Graphic file (type pdf)

<use figure/unnamed-chunk-30-1.pdf>
Package pdftex.def Info: figure/unnamed-chunk-30-1.pdf used on input line 860.
(pdftex.def)             Requested size: 390.0pt x 194.99706pt.


Package xcolor Warning: Incompatible color definition on input line 865.

[53 <./figure/unnamed-chunk-26-1.pdf> <./figure/unnamed-chunk-28-1.pdf>]
Overfull \hbox (49.19981pt too wide) in paragraph at lines 867--867
[]\OT1/pcr/m/n/12 ## [1] "Summary Statistics with Standard Deviation 2012-2013"
[] 
 []


Package xcolor Warning: Incompatible color definition on input line 876.

<figure/unnamed-chunk-32-1.pdf, id=602, 578.16pt x 289.08pt>
File: figure/unnamed-chunk-32-1.pdf Graphic file (type pdf)

<use figure/unnamed-chunk-32-1.pdf>
Package pdftex.def Info: figure/unnamed-chunk-32-1.pdf used on input line 877.
(pdftex.def)             Requested size: 390.0pt x 194.99706pt.


Package xcolor Warning: Incompatible color definition on input line 882.


Overfull \hbox (49.19981pt too wide) in paragraph at lines 884--884
[]\OT1/pcr/m/n/12 ## [1] "Summary Statistics with Standard Deviation 2013-2014"
[] 
 []

[54 <./figure/unnamed-chunk-30-1.pdf> <./figure/unnamed-chunk-32-1.pdf>]
(./HHProjectPaperFinalKnitrPlusSweave.aux) ) 
Here is how much of TeX's memory you used:
 13997 strings out of 493089
 275300 string characters out of 6134842
 298057 words of memory out of 5000000
 17110 multiletter control sequences out of 15000+600000
 9400 words of font info for 36 fonts, out of 8000000 for 9000
 1141 hyphenation exceptions out of 8191
 55i,6n,54p,628b,272s stack positions out of 5000i,500n,10000p,200000b,80000s
{/usr/local/texlive/2015/texmf-dist
/fonts/enc/dvips/base/8r.enc}</usr/local/texlive/2015/texmf-dist/fonts/type1/pu
blic/amsfonts/cm/cmbx12.pfb></usr/local/texlive/2015/texmf-dist/fonts/type1/pub
lic/amsfonts/cm/cmmi12.pfb></usr/local/texlive/2015/texmf-dist/fonts/type1/publ
ic/amsfonts/cm/cmr12.pfb></usr/local/texlive/2015/texmf-dist/fonts/type1/urw/co
urier/ucrr8a.pfb>
Output written on HHProjectPaperFinalKnitrPlusSweave.pdf (54 pages, 346687 byte
s).
PDF statistics:
 636 PDF objects out of 1000 (max. 8388607)
 447 compressed objects within 5 object streams
 0 named destinations out of 1000 (max. 500000)
 323 words of extra memory for PDF output out of 10000 (max. 10000000)

