This is pdfTeX, Version 3.14159265-2.6-1.40.16 (TeX Live 2015) (preloaded format=pdflatex 2015.5.24)  2 FEB 2016 11:20
entering extended mode
 restricted \write18 enabled.
 %&-line parsing enabled.
**ProjectPaper.tex
(./ProjectPaper.tex
LaTeX2e <2015/01/01>
Babel <3.9l> and hyphenation patterns for 79 languages loaded.
(/usr/local/texlive/2015/texmf-dist/tex/latex/base/article.cls
Document Class: article 2014/09/29 v1.4h Standard LaTeX document class
(/usr/local/texlive/2015/texmf-dist/tex/latex/base/size12.clo
File: size12.clo 2014/09/29 v1.4h Standard LaTeX file (size option)
)
\c@part=\count79
\c@section=\count80
\c@subsection=\count81
\c@subsubsection=\count82
\c@paragraph=\count83
\c@subparagraph=\count84
\c@figure=\count85
\c@table=\count86
\abovecaptionskip=\skip41
\belowcaptionskip=\skip42
\bibindent=\dimen102
)
(/usr/local/texlive/2015/texmf-dist/tex/latex/graphics/graphicx.sty
Package: graphicx 2014/10/28 v1.0g Enhanced LaTeX Graphics (DPC,SPQR)

(/usr/local/texlive/2015/texmf-dist/tex/latex/graphics/keyval.sty
Package: keyval 2014/10/28 v1.15 key=value parser (DPC)
\KV@toks@=\toks14
)
(/usr/local/texlive/2015/texmf-dist/tex/latex/graphics/graphics.sty
Package: graphics 2014/10/28 v1.0p Standard LaTeX Graphics (DPC,SPQR)

(/usr/local/texlive/2015/texmf-dist/tex/latex/graphics/trig.sty
Package: trig 1999/03/16 v1.09 sin cos tan (DPC)
)
(/usr/local/texlive/2015/texmf-dist/tex/latex/latexconfig/graphics.cfg
File: graphics.cfg 2010/04/23 v1.9 graphics configuration of TeX Live
)
Package graphics Info: Driver file: pdftex.def on input line 94.

(/usr/local/texlive/2015/texmf-dist/tex/latex/pdftex-def/pdftex.def
File: pdftex.def 2011/05/27 v0.06d Graphics/color for pdfTeX

(/usr/local/texlive/2015/texmf-dist/tex/generic/oberdiek/infwarerr.sty
Package: infwarerr 2010/04/08 v1.3 Providing info/warning/error messages (HO)
)
(/usr/local/texlive/2015/texmf-dist/tex/generic/oberdiek/ltxcmds.sty
Package: ltxcmds 2011/11/09 v1.22 LaTeX kernel commands for general use (HO)
)
\Gread@gobject=\count87
))
\Gin@req@height=\dimen103
\Gin@req@width=\dimen104
)
(/usr/local/texlive/2015/texmf-dist/tex/latex/graphics/color.sty
Package: color 2014/10/28 v1.1a Standard LaTeX Color (DPC)

(/usr/local/texlive/2015/texmf-dist/tex/latex/latexconfig/color.cfg
File: color.cfg 2007/01/18 v1.5 color configuration of teTeX/TeXLive
)
Package color Info: Driver file: pdftex.def on input line 142.
)
(/usr/local/texlive/2015/texmf-dist/tex/latex/framed/framed.sty
Package: framed 2011/10/22 v 0.96: framed or shaded text with page breaks
\OuterFrameSep=\skip43
\fb@frw=\dimen105
\fb@frh=\dimen106
\FrameRule=\dimen107
\FrameSep=\dimen108
)
(/usr/local/texlive/2015/texmf-dist/tex/latex/base/alltt.sty
Package: alltt 1997/06/16 v2.0g defines alltt environment
)
(/usr/local/texlive/2015/texmf-dist/tex/latex/tools/array.sty
Package: array 2014/10/28 v2.4c Tabular extension package (FMi)
\col@sep=\dimen109
\extrarowheight=\dimen110
\NC@list=\toks15
\extratabsurround=\skip44
\backup@length=\skip45
)
(/usr/local/texlive/2015/texmf-dist/tex/latex/booktabs/booktabs.sty
Package: booktabs 2005/04/14 v1.61803 publication quality tables
\heavyrulewidth=\dimen111
\lightrulewidth=\dimen112
\cmidrulewidth=\dimen113
\belowrulesep=\dimen114
\belowbottomsep=\dimen115
\aboverulesep=\dimen116
\abovetopsep=\dimen117
\cmidrulesep=\dimen118
\cmidrulekern=\dimen119
\defaultaddspace=\dimen120
\@cmidla=\count88
\@cmidlb=\count89
\@aboverulesep=\dimen121
\@belowrulesep=\dimen122
\@thisruleclass=\count90
\@lastruleclass=\count91
\@thisrulewidth=\dimen123
)
(/usr/local/texlive/2015/texmf-dist/tex/latex/amsfonts/amssymb.sty
Package: amssymb 2013/01/14 v3.01 AMS font symbols

(/usr/local/texlive/2015/texmf-dist/tex/latex/amsfonts/amsfonts.sty
Package: amsfonts 2013/01/14 v3.01 Basic AMSFonts support
\@emptytoks=\toks16
\symAMSa=\mathgroup4
\symAMSb=\mathgroup5
LaTeX Font Info:    Overwriting math alphabet `\mathfrak' in version `bold'
(Font)                  U/euf/m/n --> U/euf/b/n on input line 106.
))
(/usr/local/texlive/2015/texmf-dist/tex/latex/amsmath/amsmath.sty
Package: amsmath 2013/01/14 v2.14 AMS math features
\@mathmargin=\skip46

For additional information on amsmath, use the `?' option.
(/usr/local/texlive/2015/texmf-dist/tex/latex/amsmath/amstext.sty
Package: amstext 2000/06/29 v2.01

(/usr/local/texlive/2015/texmf-dist/tex/latex/amsmath/amsgen.sty
File: amsgen.sty 1999/11/30 v2.0
\@emptytoks=\toks17
\ex@=\dimen124
))
(/usr/local/texlive/2015/texmf-dist/tex/latex/amsmath/amsbsy.sty
Package: amsbsy 1999/11/29 v1.2d
\pmbraise@=\dimen125
)
(/usr/local/texlive/2015/texmf-dist/tex/latex/amsmath/amsopn.sty
Package: amsopn 1999/12/14 v2.01 operator names
)
\inf@bad=\count92
LaTeX Info: Redefining \frac on input line 210.
\uproot@=\count93
\leftroot@=\count94
LaTeX Info: Redefining \overline on input line 306.
\classnum@=\count95
\DOTSCASE@=\count96
LaTeX Info: Redefining \ldots on input line 378.
LaTeX Info: Redefining \dots on input line 381.
LaTeX Info: Redefining \cdots on input line 466.
\Mathstrutbox@=\box26
\strutbox@=\box27
\big@size=\dimen126
LaTeX Font Info:    Redeclaring font encoding OML on input line 566.
LaTeX Font Info:    Redeclaring font encoding OMS on input line 567.
\macc@depth=\count97
\c@MaxMatrixCols=\count98
\dotsspace@=\muskip10
\c@parentequation=\count99
\dspbrk@lvl=\count100
\tag@help=\toks18
\row@=\count101
\column@=\count102
\maxfields@=\count103
\andhelp@=\toks19
\eqnshift@=\dimen127
\alignsep@=\dimen128
\tagshift@=\dimen129
\tagwidth@=\dimen130
\totwidth@=\dimen131
\lineht@=\dimen132
\@envbody=\toks20
\multlinegap=\skip47
\multlinetaggap=\skip48
\mathdisplay@stack=\toks21
LaTeX Info: Redefining \[ on input line 2665.
LaTeX Info: Redefining \] on input line 2666.
)
(/usr/local/texlive/2015/texmf-dist/tex/latex/amscls/amsthm.sty
Package: amsthm 2015/03/04 v2.20.2
\thm@style=\toks22
\thm@bodyfont=\toks23
\thm@headfont=\toks24
\thm@notefont=\toks25
\thm@headpunct=\toks26
\thm@preskip=\skip49
\thm@postskip=\skip50
\thm@headsep=\skip51
\dth@everypar=\toks27
)
(/usr/local/texlive/2015/texmf-dist/tex/latex/amsfonts/eucal.sty
Package: eucal 2009/06/22 v3.00 Euler Script fonts
LaTeX Font Info:    Overwriting math alphabet `\EuScript' in version `bold'
(Font)                  U/eus/m/n --> U/eus/b/n on input line 33.
)
(/usr/local/texlive/2015/texmf-dist/tex/latex/tools/calc.sty
Package: calc 2014/10/28 v4.3 Infix arithmetic (KKT,FJ)
\calc@Acount=\count104
\calc@Bcount=\count105
\calc@Adimen=\dimen133
\calc@Bdimen=\dimen134
\calc@Askip=\skip52
\calc@Bskip=\skip53
LaTeX Info: Redefining \setlength on input line 80.
LaTeX Info: Redefining \addtolength on input line 81.
\calc@Ccount=\count106
\calc@Cskip=\skip54
)
(/usr/local/texlive/2015/texmf-dist/tex/latex/pgf/frontendlayer/tikz.sty
(/usr/local/texlive/2015/texmf-dist/tex/latex/pgf/basiclayer/pgf.sty
(/usr/local/texlive/2015/texmf-dist/tex/latex/pgf/utilities/pgfrcs.sty
(/usr/local/texlive/2015/texmf-dist/tex/generic/pgf/utilities/pgfutil-common.te
x
\pgfutil@everybye=\toks28
\pgfutil@tempdima=\dimen135
\pgfutil@tempdimb=\dimen136

(/usr/local/texlive/2015/texmf-dist/tex/generic/pgf/utilities/pgfutil-common-li
sts.tex))
(/usr/local/texlive/2015/texmf-dist/tex/generic/pgf/utilities/pgfutil-latex.def
\pgfutil@abb=\box28
(/usr/local/texlive/2015/texmf-dist/tex/latex/ms/everyshi.sty
Package: everyshi 2001/05/15 v3.00 EveryShipout Package (MS)
))
(/usr/local/texlive/2015/texmf-dist/tex/generic/pgf/utilities/pgfrcs.code.tex
Package: pgfrcs 2013/12/20 v3.0.0 (rcs-revision 1.28)
))
Package: pgf 2013/12/18 v3.0.0 (rcs-revision 1.14)
(/usr/local/texlive/2015/texmf-dist/tex/latex/pgf/basiclayer/pgfcore.sty
(/usr/local/texlive/2015/texmf-dist/tex/latex/pgf/systemlayer/pgfsys.sty
(/usr/local/texlive/2015/texmf-dist/tex/generic/pgf/systemlayer/pgfsys.code.tex
Package: pgfsys 2013/11/30 v3.0.0 (rcs-revision 1.47)
(/usr/local/texlive/2015/texmf-dist/tex/generic/pgf/utilities/pgfkeys.code.tex
\pgfkeys@pathtoks=\toks29
\pgfkeys@temptoks=\toks30

(/usr/local/texlive/2015/texmf-dist/tex/generic/pgf/utilities/pgfkeysfiltered.c
ode.tex
\pgfkeys@tmptoks=\toks31
))
\pgf@x=\dimen137
\pgf@y=\dimen138
\pgf@xa=\dimen139
\pgf@ya=\dimen140
\pgf@xb=\dimen141
\pgf@yb=\dimen142
\pgf@xc=\dimen143
\pgf@yc=\dimen144
\w@pgf@writea=\write3
\r@pgf@reada=\read1
\c@pgf@counta=\count107
\c@pgf@countb=\count108
\c@pgf@countc=\count109
\c@pgf@countd=\count110
\t@pgf@toka=\toks32
\t@pgf@tokb=\toks33
\t@pgf@tokc=\toks34

(/usr/local/texlive/2015/texmf-dist/tex/generic/pgf/systemlayer/pgf.cfg
File: pgf.cfg 2008/05/14  (rcs-revision 1.7)
)
Driver file for pgf: pgfsys-pdftex.def

(/usr/local/texlive/2015/texmf-dist/tex/generic/pgf/systemlayer/pgfsys-pdftex.d
ef
File: pgfsys-pdftex.def 2013/07/18  (rcs-revision 1.33)

(/usr/local/texlive/2015/texmf-dist/tex/generic/pgf/systemlayer/pgfsys-common-p
df.def
File: pgfsys-common-pdf.def 2013/10/10  (rcs-revision 1.13)
)))
(/usr/local/texlive/2015/texmf-dist/tex/generic/pgf/systemlayer/pgfsyssoftpath.
code.tex
File: pgfsyssoftpath.code.tex 2013/09/09  (rcs-revision 1.9)
\pgfsyssoftpath@smallbuffer@items=\count111
\pgfsyssoftpath@bigbuffer@items=\count112
)
(/usr/local/texlive/2015/texmf-dist/tex/generic/pgf/systemlayer/pgfsysprotocol.
code.tex
File: pgfsysprotocol.code.tex 2006/10/16  (rcs-revision 1.4)
)) (/usr/local/texlive/2015/texmf-dist/tex/latex/xcolor/xcolor.sty
Package: xcolor 2007/01/21 v2.11 LaTeX color extensions (UK)

(/usr/local/texlive/2015/texmf-dist/tex/latex/latexconfig/color.cfg
File: color.cfg 2007/01/18 v1.5 color configuration of teTeX/TeXLive
)
Package xcolor Info: Driver file: pdftex.def on input line 225.
LaTeX Info: Redefining \color on input line 702.
Package xcolor Info: Model `cmy' substituted by `cmy0' on input line 1337.
Package xcolor Info: Model `hsb' substituted by `rgb' on input line 1341.
Package xcolor Info: Model `RGB' extended on input line 1353.
Package xcolor Info: Model `HTML' substituted by `rgb' on input line 1355.
Package xcolor Info: Model `Hsb' substituted by `hsb' on input line 1356.
Package xcolor Info: Model `tHsb' substituted by `hsb' on input line 1357.
Package xcolor Info: Model `HSB' substituted by `hsb' on input line 1358.
Package xcolor Info: Model `Gray' substituted by `gray' on input line 1359.
Package xcolor Info: Model `wave' substituted by `hsb' on input line 1360.
)
(/usr/local/texlive/2015/texmf-dist/tex/generic/pgf/basiclayer/pgfcore.code.tex
Package: pgfcore 2010/04/11 v3.0.0 (rcs-revision 1.7)
(/usr/local/texlive/2015/texmf-dist/tex/generic/pgf/math/pgfmath.code.tex
(/usr/local/texlive/2015/texmf-dist/tex/generic/pgf/math/pgfmathcalc.code.tex
(/usr/local/texlive/2015/texmf-dist/tex/generic/pgf/math/pgfmathutil.code.tex)
(/usr/local/texlive/2015/texmf-dist/tex/generic/pgf/math/pgfmathparser.code.tex
\pgfmath@dimen=\dimen145
\pgfmath@count=\count113
\pgfmath@box=\box29
\pgfmath@toks=\toks35
\pgfmath@stack@operand=\toks36
\pgfmath@stack@operation=\toks37
)
(/usr/local/texlive/2015/texmf-dist/tex/generic/pgf/math/pgfmathfunctions.code.
tex
(/usr/local/texlive/2015/texmf-dist/tex/generic/pgf/math/pgfmathfunctions.basic
.code.tex)
(/usr/local/texlive/2015/texmf-dist/tex/generic/pgf/math/pgfmathfunctions.trigo
nometric.code.tex)
(/usr/local/texlive/2015/texmf-dist/tex/generic/pgf/math/pgfmathfunctions.rando
m.code.tex)
(/usr/local/texlive/2015/texmf-dist/tex/generic/pgf/math/pgfmathfunctions.compa
rison.code.tex)
(/usr/local/texlive/2015/texmf-dist/tex/generic/pgf/math/pgfmathfunctions.base.
code.tex)
(/usr/local/texlive/2015/texmf-dist/tex/generic/pgf/math/pgfmathfunctions.round
.code.tex)
(/usr/local/texlive/2015/texmf-dist/tex/generic/pgf/math/pgfmathfunctions.misc.
code.tex)
(/usr/local/texlive/2015/texmf-dist/tex/generic/pgf/math/pgfmathfunctions.integ
erarithmetics.code.tex)))
(/usr/local/texlive/2015/texmf-dist/tex/generic/pgf/math/pgfmathfloat.code.tex
\c@pgfmathroundto@lastzeros=\count114
))
(/usr/local/texlive/2015/texmf-dist/tex/generic/pgf/basiclayer/pgfcorepoints.co
de.tex
File: pgfcorepoints.code.tex 2013/10/07  (rcs-revision 1.27)
\pgf@picminx=\dimen146
\pgf@picmaxx=\dimen147
\pgf@picminy=\dimen148
\pgf@picmaxy=\dimen149
\pgf@pathminx=\dimen150
\pgf@pathmaxx=\dimen151
\pgf@pathminy=\dimen152
\pgf@pathmaxy=\dimen153
\pgf@xx=\dimen154
\pgf@xy=\dimen155
\pgf@yx=\dimen156
\pgf@yy=\dimen157
\pgf@zx=\dimen158
\pgf@zy=\dimen159
)
(/usr/local/texlive/2015/texmf-dist/tex/generic/pgf/basiclayer/pgfcorepathconst
ruct.code.tex
File: pgfcorepathconstruct.code.tex 2013/10/07  (rcs-revision 1.29)
\pgf@path@lastx=\dimen160
\pgf@path@lasty=\dimen161
)
(/usr/local/texlive/2015/texmf-dist/tex/generic/pgf/basiclayer/pgfcorepathusage
.code.tex
File: pgfcorepathusage.code.tex 2013/12/13  (rcs-revision 1.23)
\pgf@shorten@end@additional=\dimen162
\pgf@shorten@start@additional=\dimen163
)
(/usr/local/texlive/2015/texmf-dist/tex/generic/pgf/basiclayer/pgfcorescopes.co
de.tex
File: pgfcorescopes.code.tex 2013/10/09  (rcs-revision 1.44)
\pgfpic=\box30
\pgf@hbox=\box31
\pgf@layerbox@main=\box32
\pgf@picture@serial@count=\count115
)
(/usr/local/texlive/2015/texmf-dist/tex/generic/pgf/basiclayer/pgfcoregraphicst
ate.code.tex
File: pgfcoregraphicstate.code.tex 2013/09/19  (rcs-revision 1.11)
\pgflinewidth=\dimen164
)
(/usr/local/texlive/2015/texmf-dist/tex/generic/pgf/basiclayer/pgfcoretransform
ations.code.tex
File: pgfcoretransformations.code.tex 2013/10/10  (rcs-revision 1.17)
\pgf@pt@x=\dimen165
\pgf@pt@y=\dimen166
\pgf@pt@temp=\dimen167
)
(/usr/local/texlive/2015/texmf-dist/tex/generic/pgf/basiclayer/pgfcorequick.cod
e.tex
File: pgfcorequick.code.tex 2008/10/09  (rcs-revision 1.3)
)
(/usr/local/texlive/2015/texmf-dist/tex/generic/pgf/basiclayer/pgfcoreobjects.c
ode.tex
File: pgfcoreobjects.code.tex 2006/10/11  (rcs-revision 1.2)
)
(/usr/local/texlive/2015/texmf-dist/tex/generic/pgf/basiclayer/pgfcorepathproce
ssing.code.tex
File: pgfcorepathprocessing.code.tex 2013/09/09  (rcs-revision 1.9)
)
(/usr/local/texlive/2015/texmf-dist/tex/generic/pgf/basiclayer/pgfcorearrows.co
de.tex
File: pgfcorearrows.code.tex 2013/11/07  (rcs-revision 1.40)
\pgfarrowsep=\dimen168
)
(/usr/local/texlive/2015/texmf-dist/tex/generic/pgf/basiclayer/pgfcoreshade.cod
e.tex
File: pgfcoreshade.code.tex 2013/07/15  (rcs-revision 1.15)
\pgf@max=\dimen169
\pgf@sys@shading@range@num=\count116
)
(/usr/local/texlive/2015/texmf-dist/tex/generic/pgf/basiclayer/pgfcoreimage.cod
e.tex
File: pgfcoreimage.code.tex 2013/07/15  (rcs-revision 1.18)

(/usr/local/texlive/2015/texmf-dist/tex/generic/pgf/basiclayer/pgfcoreexternal.
code.tex
File: pgfcoreexternal.code.tex 2013/07/15  (rcs-revision 1.20)
\pgfexternal@startupbox=\box33
))
(/usr/local/texlive/2015/texmf-dist/tex/generic/pgf/basiclayer/pgfcorelayers.co
de.tex
File: pgfcorelayers.code.tex 2013/07/18  (rcs-revision 1.7)
)
(/usr/local/texlive/2015/texmf-dist/tex/generic/pgf/basiclayer/pgfcoretranspare
ncy.code.tex
File: pgfcoretransparency.code.tex 2013/09/30  (rcs-revision 1.5)
)
(/usr/local/texlive/2015/texmf-dist/tex/generic/pgf/basiclayer/pgfcorepatterns.
code.tex
File: pgfcorepatterns.code.tex 2013/11/07  (rcs-revision 1.5)
)))
(/usr/local/texlive/2015/texmf-dist/tex/generic/pgf/modules/pgfmoduleshapes.cod
e.tex
File: pgfmoduleshapes.code.tex 2013/10/31  (rcs-revision 1.34)
\pgfnodeparttextbox=\box34
)
(/usr/local/texlive/2015/texmf-dist/tex/generic/pgf/modules/pgfmoduleplot.code.
tex
File: pgfmoduleplot.code.tex 2013/07/31  (rcs-revision 1.12)
)
(/usr/local/texlive/2015/texmf-dist/tex/latex/pgf/compatibility/pgfcomp-version
-0-65.sty
Package: pgfcomp-version-0-65 2007/07/03 v3.0.0 (rcs-revision 1.7)
\pgf@nodesepstart=\dimen170
\pgf@nodesepend=\dimen171
)
(/usr/local/texlive/2015/texmf-dist/tex/latex/pgf/compatibility/pgfcomp-version
-1-18.sty
Package: pgfcomp-version-1-18 2007/07/23 v3.0.0 (rcs-revision 1.1)
))
(/usr/local/texlive/2015/texmf-dist/tex/latex/pgf/utilities/pgffor.sty
(/usr/local/texlive/2015/texmf-dist/tex/latex/pgf/utilities/pgfkeys.sty
(/usr/local/texlive/2015/texmf-dist/tex/generic/pgf/utilities/pgfkeys.code.tex)
) (/usr/local/texlive/2015/texmf-dist/tex/latex/pgf/math/pgfmath.sty
(/usr/local/texlive/2015/texmf-dist/tex/generic/pgf/math/pgfmath.code.tex))
(/usr/local/texlive/2015/texmf-dist/tex/generic/pgf/utilities/pgffor.code.tex
Package: pgffor 2013/12/13 v3.0.0 (rcs-revision 1.25)

(/usr/local/texlive/2015/texmf-dist/tex/generic/pgf/math/pgfmath.code.tex)
\pgffor@iter=\dimen172
\pgffor@skip=\dimen173
\pgffor@stack=\toks38
\pgffor@toks=\toks39
))
(/usr/local/texlive/2015/texmf-dist/tex/generic/pgf/frontendlayer/tikz/tikz.cod
e.tex
Package: tikz 2013/12/13 v3.0.0 (rcs-revision 1.142)

(/usr/local/texlive/2015/texmf-dist/tex/generic/pgf/libraries/pgflibraryplothan
dlers.code.tex
File: pgflibraryplothandlers.code.tex 2013/08/31 v3.0.0 (rcs-revision 1.20)
\pgf@plot@mark@count=\count117
\pgfplotmarksize=\dimen174
)
\tikz@lastx=\dimen175
\tikz@lasty=\dimen176
\tikz@lastxsaved=\dimen177
\tikz@lastysaved=\dimen178
\tikzleveldistance=\dimen179
\tikzsiblingdistance=\dimen180
\tikz@figbox=\box35
\tikz@figbox@bg=\box36
\tikz@tempbox=\box37
\tikz@tempbox@bg=\box38
\tikztreelevel=\count118
\tikznumberofchildren=\count119
\tikznumberofcurrentchild=\count120
\tikz@fig@count=\count121

(/usr/local/texlive/2015/texmf-dist/tex/generic/pgf/modules/pgfmodulematrix.cod
e.tex
File: pgfmodulematrix.code.tex 2013/09/17  (rcs-revision 1.8)
\pgfmatrixcurrentrow=\count122
\pgfmatrixcurrentcolumn=\count123
\pgf@matrix@numberofcolumns=\count124
)
\tikz@expandcount=\count125

(/usr/local/texlive/2015/texmf-dist/tex/generic/pgf/frontendlayer/tikz/librarie
s/tikzlibrarytopaths.code.tex
File: tikzlibrarytopaths.code.tex 2008/06/17 v3.0.0 (rcs-revision 1.2)
)))
(/usr/local/texlive/2015/texmf-dist/tex/latex/psnfss/courier.sty
Package: courier 2005/04/12 PSNFSS-v9.2a (WaS) 
)
(/usr/local/texlive/2015/texmf-dist/tex/latex/amsmath/amscd.sty
Package: amscd 1999/11/29 v2.0
\athelp@=\toks40
\minaw@=\dimen181
\bigaw@=\dimen182
\minCDarrowwidth=\dimen183
)
(/usr/local/texlive/2015/texmf-dist/tex/latex/tools/verbatim.sty
Package: verbatim 2014/10/28 v1.5q LaTeX2e package for verbatim enhancements
\every@verbatim=\toks41
\verbatim@line=\toks42
\verbatim@in@stream=\read2
)
(/usr/local/texlive/2015/texmf-dist/tex/latex/mathtools/mathtools.sty
Package: mathtools 2015/05/11 v1.16 mathematical typesetting tools

(/usr/local/texlive/2015/texmf-dist/tex/latex/mathtools/mhsetup.sty
Package: mhsetup 2010/01/21 v1.2a programming setup (MH)
)
LaTeX Info: Thecontrolsequence`\('isalreadyrobust on input line 129.
LaTeX Info: Thecontrolsequence`\)'isalreadyrobust on input line 129.
LaTeX Info: Thecontrolsequence`\['isalreadyrobust on input line 129.
LaTeX Info: Thecontrolsequence`\]'isalreadyrobust on input line 129.
\g_MT_multlinerow_int=\count126
\l_MT_multwidth_dim=\dimen184
\origjot=\skip55
\l_MT_shortvdotswithinadjustabove_dim=\dimen185
\l_MT_shortvdotswithinadjustbelow_dim=\dimen186
\l_MT_above_intertext_sep=\dimen187
\l_MT_below_intertext_sep=\dimen188
\l_MT_above_shortintertext_sep=\dimen189
\l_MT_below_shortintertext_sep=\dimen190
)
\c@ex=\count127

(/usr/local/texlive/2015/texmf-dist/tex/latex/answers/answers.sty
Package: answers 2014/08/24 v2.16 Production of solution sheets in LaTeX2e
)
\c@Solution=\count128

(/usr/local/texlive/2015/texmf-dist/tex/generic/pgf/frontendlayer/tikz/librarie
s/tikzlibrarycalc.code.tex
File: tikzlibrarycalc.code.tex 2013/07/15 v3.0.0 (rcs-revision 1.9)
)
(/usr/local/texlive/2015/texmf-dist/tex/latex/doublestroke/dsfont.sty
Package: dsfont 1995/08/01 v0.1 Double stroke roman fonts
)
\c@definition=\count129
\c@theorem=\count130
\c@proposition=\count131

(/usr/local/texlive/2015/texmf-dist/tex/latex/upquote/upquote.sty
Package: upquote 2012/04/19 v1.3 upright-quote and grave-accent glyphs in verba
tim

(/usr/local/texlive/2015/texmf-dist/tex/latex/base/textcomp.sty
Package: textcomp 2005/09/27 v1.99g Standard LaTeX package
Package textcomp Info: Sub-encoding information:
(textcomp)               5 = only ISO-Adobe without \textcurrency
(textcomp)               4 = 5 + \texteuro
(textcomp)               3 = 4 + \textohm
(textcomp)               2 = 3 + \textestimated + \textcurrency
(textcomp)               1 = TS1 - \textcircled - \t
(textcomp)               0 = TS1 (full)
(textcomp)             Font families with sub-encoding setting implement
(textcomp)             only a restricted character set as indicated.
(textcomp)             Family '?' is the default used for unknown fonts.
(textcomp)             See the documentation for details.
Package textcomp Info: Setting ? sub-encoding to TS1/1 on input line 79.

(/usr/local/texlive/2015/texmf-dist/tex/latex/base/ts1enc.def
File: ts1enc.def 2001/06/05 v3.0e (jk/car/fm) Standard LaTeX file
)
LaTeX Info: Redefining \oldstylenums on input line 334.
Package textcomp Info: Setting cmr sub-encoding to TS1/0 on input line 349.
Package textcomp Info: Setting cmss sub-encoding to TS1/0 on input line 350.
Package textcomp Info: Setting cmtt sub-encoding to TS1/0 on input line 351.
Package textcomp Info: Setting cmvtt sub-encoding to TS1/0 on input line 352.
Package textcomp Info: Setting cmbr sub-encoding to TS1/0 on input line 353.
Package textcomp Info: Setting cmtl sub-encoding to TS1/0 on input line 354.
Package textcomp Info: Setting ccr sub-encoding to TS1/0 on input line 355.
Package textcomp Info: Setting ptm sub-encoding to TS1/4 on input line 356.
Package textcomp Info: Setting pcr sub-encoding to TS1/4 on input line 357.
Package textcomp Info: Setting phv sub-encoding to TS1/4 on input line 358.
Package textcomp Info: Setting ppl sub-encoding to TS1/3 on input line 359.
Package textcomp Info: Setting pag sub-encoding to TS1/4 on input line 360.
Package textcomp Info: Setting pbk sub-encoding to TS1/4 on input line 361.
Package textcomp Info: Setting pnc sub-encoding to TS1/4 on input line 362.
Package textcomp Info: Setting pzc sub-encoding to TS1/4 on input line 363.
Package textcomp Info: Setting bch sub-encoding to TS1/4 on input line 364.
Package textcomp Info: Setting put sub-encoding to TS1/5 on input line 365.
Package textcomp Info: Setting uag sub-encoding to TS1/5 on input line 366.
Package textcomp Info: Setting ugq sub-encoding to TS1/5 on input line 367.
Package textcomp Info: Setting ul8 sub-encoding to TS1/4 on input line 368.
Package textcomp Info: Setting ul9 sub-encoding to TS1/4 on input line 369.
Package textcomp Info: Setting augie sub-encoding to TS1/5 on input line 370.
Package textcomp Info: Setting dayrom sub-encoding to TS1/3 on input line 371.
Package textcomp Info: Setting dayroms sub-encoding to TS1/3 on input line 372.

Package textcomp Info: Setting pxr sub-encoding to TS1/0 on input line 373.
Package textcomp Info: Setting pxss sub-encoding to TS1/0 on input line 374.
Package textcomp Info: Setting pxtt sub-encoding to TS1/0 on input line 375.
Package textcomp Info: Setting txr sub-encoding to TS1/0 on input line 376.
Package textcomp Info: Setting txss sub-encoding to TS1/0 on input line 377.
Package textcomp Info: Setting txtt sub-encoding to TS1/0 on input line 378.
Package textcomp Info: Setting lmr sub-encoding to TS1/0 on input line 379.
Package textcomp Info: Setting lmdh sub-encoding to TS1/0 on input line 380.
Package textcomp Info: Setting lmss sub-encoding to TS1/0 on input line 381.
Package textcomp Info: Setting lmssq sub-encoding to TS1/0 on input line 382.
Package textcomp Info: Setting lmvtt sub-encoding to TS1/0 on input line 383.
Package textcomp Info: Setting lmtt sub-encoding to TS1/0 on input line 384.
Package textcomp Info: Setting qhv sub-encoding to TS1/0 on input line 385.
Package textcomp Info: Setting qag sub-encoding to TS1/0 on input line 386.
Package textcomp Info: Setting qbk sub-encoding to TS1/0 on input line 387.
Package textcomp Info: Setting qcr sub-encoding to TS1/0 on input line 388.
Package textcomp Info: Setting qcs sub-encoding to TS1/0 on input line 389.
Package textcomp Info: Setting qpl sub-encoding to TS1/0 on input line 390.
Package textcomp Info: Setting qtm sub-encoding to TS1/0 on input line 391.
Package textcomp Info: Setting qzc sub-encoding to TS1/0 on input line 392.
Package textcomp Info: Setting qhvc sub-encoding to TS1/0 on input line 393.
Package textcomp Info: Setting futs sub-encoding to TS1/4 on input line 394.
Package textcomp Info: Setting futx sub-encoding to TS1/4 on input line 395.
Package textcomp Info: Setting futj sub-encoding to TS1/4 on input line 396.
Package textcomp Info: Setting hlh sub-encoding to TS1/3 on input line 397.
Package textcomp Info: Setting hls sub-encoding to TS1/3 on input line 398.
Package textcomp Info: Setting hlst sub-encoding to TS1/3 on input line 399.
Package textcomp Info: Setting hlct sub-encoding to TS1/5 on input line 400.
Package textcomp Info: Setting hlx sub-encoding to TS1/5 on input line 401.
Package textcomp Info: Setting hlce sub-encoding to TS1/5 on input line 402.
Package textcomp Info: Setting hlcn sub-encoding to TS1/5 on input line 403.
Package textcomp Info: Setting hlcw sub-encoding to TS1/5 on input line 404.
Package textcomp Info: Setting hlcf sub-encoding to TS1/5 on input line 405.
Package textcomp Info: Setting pplx sub-encoding to TS1/3 on input line 406.
Package textcomp Info: Setting pplj sub-encoding to TS1/3 on input line 407.
Package textcomp Info: Setting ptmx sub-encoding to TS1/4 on input line 408.
Package textcomp Info: Setting ptmj sub-encoding to TS1/4 on input line 409.
))
(./ProjectPaper.aux)
\openout1 = `ProjectPaper.aux'.

LaTeX Font Info:    Checking defaults for OML/cmm/m/it on input line 92.
LaTeX Font Info:    ... okay on input line 92.
LaTeX Font Info:    Checking defaults for T1/cmr/m/n on input line 92.
LaTeX Font Info:    ... okay on input line 92.
LaTeX Font Info:    Checking defaults for OT1/cmr/m/n on input line 92.
LaTeX Font Info:    ... okay on input line 92.
LaTeX Font Info:    Checking defaults for OMS/cmsy/m/n on input line 92.
LaTeX Font Info:    ... okay on input line 92.
LaTeX Font Info:    Checking defaults for OMX/cmex/m/n on input line 92.
LaTeX Font Info:    ... okay on input line 92.
LaTeX Font Info:    Checking defaults for U/cmr/m/n on input line 92.
LaTeX Font Info:    ... okay on input line 92.
LaTeX Font Info:    Checking defaults for TS1/cmr/m/n on input line 92.
LaTeX Font Info:    Try loading font information for TS1+cmr on input line 92.

(/usr/local/texlive/2015/texmf-dist/tex/latex/base/ts1cmr.fd
File: ts1cmr.fd 2014/09/29 v2.5h Standard LaTeX font definitions
)
LaTeX Font Info:    ... okay on input line 92.

(/usr/local/texlive/2015/texmf-dist/tex/context/base/supp-pdf.mkii
[Loading MPS to PDF converter (version 2006.09.02).]
\scratchcounter=\count132
\scratchdimen=\dimen191
\scratchbox=\box39
\nofMPsegments=\count133
\nofMParguments=\count134
\everyMPshowfont=\toks43
\MPscratchCnt=\count135
\MPscratchDim=\dimen192
\MPnumerator=\count136
\makeMPintoPDFobject=\count137
\everyMPtoPDFconversion=\toks44
) (/usr/local/texlive/2015/texmf-dist/tex/generic/oberdiek/pdftexcmds.sty
Package: pdftexcmds 2011/11/29 v0.20 Utility functions of pdfTeX for LuaTeX (HO
)

(/usr/local/texlive/2015/texmf-dist/tex/generic/oberdiek/ifluatex.sty
Package: ifluatex 2010/03/01 v1.3 Provides the ifluatex switch (HO)
Package ifluatex Info: LuaTeX not detected.
)
(/usr/local/texlive/2015/texmf-dist/tex/generic/oberdiek/ifpdf.sty
Package: ifpdf 2011/01/30 v2.3 Provides the ifpdf switch (HO)
Package ifpdf Info: pdfTeX in PDF mode is detected.
)
Package pdftexcmds Info: LuaTeX not detected.
Package pdftexcmds Info: \pdf@primitive is available.
Package pdftexcmds Info: \pdf@ifprimitive is available.
Package pdftexcmds Info: \pdfdraftmode found.
)
(/usr/local/texlive/2015/texmf-dist/tex/latex/oberdiek/epstopdf-base.sty
Package: epstopdf-base 2010/02/09 v2.5 Base part for package epstopdf

(/usr/local/texlive/2015/texmf-dist/tex/latex/oberdiek/grfext.sty
Package: grfext 2010/08/19 v1.1 Manage graphics extensions (HO)

(/usr/local/texlive/2015/texmf-dist/tex/generic/oberdiek/kvdefinekeys.sty
Package: kvdefinekeys 2011/04/07 v1.3 Define keys (HO)
))
(/usr/local/texlive/2015/texmf-dist/tex/latex/oberdiek/kvoptions.sty
Package: kvoptions 2011/06/30 v3.11 Key value format for package options (HO)

(/usr/local/texlive/2015/texmf-dist/tex/generic/oberdiek/kvsetkeys.sty
Package: kvsetkeys 2012/04/25 v1.16 Key value parser (HO)

(/usr/local/texlive/2015/texmf-dist/tex/generic/oberdiek/etexcmds.sty
Package: etexcmds 2011/02/16 v1.5 Avoid name clashes with e-TeX commands (HO)
Package etexcmds Info: Could not find \expanded.
(etexcmds)             That can mean that you are not using pdfTeX 1.50 or
(etexcmds)             that some package has redefined \expanded.
(etexcmds)             In the latter case, load this package earlier.
)))
Package grfext Info: Graphics extension search list:
(grfext)             [.png,.pdf,.jpg,.mps,.jpeg,.jbig2,.jb2,.PNG,.PDF,.JPG,.JPE
G,.JBIG2,.JB2,.eps]
(grfext)             \AppendGraphicsExtensions on input line 452.

(/usr/local/texlive/2015/texmf-dist/tex/latex/latexconfig/epstopdf-sys.cfg
File: epstopdf-sys.cfg 2010/07/13 v1.3 Configuration of (r)epstopdf for TeX Liv
e
))
ABD: EveryShipout initializing macros
! Undefined control sequence.
l.96 \SweaveOpts
                {concordance=TRUE}
The control sequence at the end of the top line
of your error message was never \def'ed. If you have
misspelled it (e.g., `\hobx'), type `I' and the correct
spelling (e.g., `I\hbox'). Otherwise just continue,
and I'll forget about whatever was undefined.

LaTeX Font Info:    Try loading font information for U+msa on input line 112.
(/usr/local/texlive/2015/texmf-dist/tex/latex/amsfonts/umsa.fd
File: umsa.fd 2013/01/14 v3.01 AMS symbols A
)
LaTeX Font Info:    Try loading font information for U+msb on input line 112.

(/usr/local/texlive/2015/texmf-dist/tex/latex/amsfonts/umsb.fd
File: umsb.fd 2013/01/14 v3.01 AMS symbols B
)

Package xcolor Warning: Incompatible color definition on input line 136.

<figure/unnamed-chunk-4-1.pdf, id=4, 722.7pt x 722.7pt>
File: figure/unnamed-chunk-4-1.pdf Graphic file (type pdf)

<use figure/unnamed-chunk-4-1.pdf>
Package pdftex.def Info: figure/unnamed-chunk-4-1.pdf used on input line 137.
(pdftex.def)             Requested size: 390.0pt x 389.99855pt.

Overfull \hbox (17.62482pt too wide) in paragraph at lines 137--138
[][] 
 []

[1

{/usr/local/texlive/2015/texmf-var/fonts/map/pdftex/updmap/pdftex.map}]
[2 <./figure/unnamed-chunk-4-1.pdf>]

Package xcolor Warning: Incompatible color definition on input line 191.

<figure/unnamed-chunk-6-1.pdf, id=22, 505.89pt x 505.89pt>
File: figure/unnamed-chunk-6-1.pdf Graphic file (type pdf)

<use figure/unnamed-chunk-6-1.pdf>
Package pdftex.def Info: figure/unnamed-chunk-6-1.pdf used on input line 192.
(pdftex.def)             Requested size: 390.0pt x 390.00737pt.

Overfull \hbox (17.62482pt too wide) in paragraph at lines 192--193
[][] 
 []

[3]

Package xcolor Warning: Incompatible color definition on input line 200.

<figure/unnamed-chunk-7-1.pdf, id=26, 505.89pt x 505.89pt>
File: figure/unnamed-chunk-7-1.pdf Graphic file (type pdf)

<use figure/unnamed-chunk-7-1.pdf>
Package pdftex.def Info: figure/unnamed-chunk-7-1.pdf used on input line 201.
(pdftex.def)             Requested size: 390.0pt x 390.00737pt.

Overfull \hbox (17.62482pt too wide) in paragraph at lines 201--202
[][] 
 []


Package xcolor Warning: Incompatible color definition on input line 206.

<figure/unnamed-chunk-8-1.pdf, id=27, 505.89pt x 505.89pt> [4 <./figure/unnamed
-chunk-6-1.pdf>]
File: figure/unnamed-chunk-8-1.pdf Graphic file (type pdf)
 <use figure/unnamed-chunk-8-1.pdf>
Package pdftex.def Info: figure/unnamed-chunk-8-1.pdf used on input line 207.
(pdftex.def)             Requested size: 390.0pt x 390.00737pt.

Overfull \hbox (17.62482pt too wide) in paragraph at lines 207--208
[][] 
 []


Package xcolor Warning: Incompatible color definition on input line 212.

<figure/unnamed-chunk-9-1.pdf, id=37, 505.89pt x 505.89pt> [5 <./figure/unnamed
-chunk-7-1.pdf>]
File: figure/unnamed-chunk-9-1.pdf Graphic file (type pdf)
 <use figure/unnamed-chunk-9-1.pdf>
Package pdftex.def Info: figure/unnamed-chunk-9-1.pdf used on input line 213.
(pdftex.def)             Requested size: 390.0pt x 390.00737pt.

Overfull \hbox (17.62482pt too wide) in paragraph at lines 213--214
[][] 
 []


Package xcolor Warning: Incompatible color definition on input line 218.

<figure/unnamed-chunk-10-1.pdf, id=47, 505.89pt x 505.89pt> [6 <./figure/unname
d-chunk-8-1.pdf>]
File: figure/unnamed-chunk-10-1.pdf Graphic file (type pdf)
 <use figure/unnamed-chunk-10-1.pdf>
Package pdftex.def Info: figure/unnamed-chunk-10-1.pdf used on input line 219.
(pdftex.def)             Requested size: 390.0pt x 390.00737pt.

Overfull \hbox (17.62482pt too wide) in paragraph at lines 219--220
[][] 
 []


Package xcolor Warning: Incompatible color definition on input line 224.

<figure/unnamed-chunk-11-1.pdf, id=57, 505.89pt x 505.89pt> [7 <./figure/unname
d-chunk-9-1.pdf>]
File: figure/unnamed-chunk-11-1.pdf Graphic file (type pdf)
 <use figure/unnamed-chunk-11-1.pdf>
Package pdftex.def Info: figure/unnamed-chunk-11-1.pdf used on input line 225.
(pdftex.def)             Requested size: 390.0pt x 390.00737pt.

Overfull \hbox (17.62482pt too wide) in paragraph at lines 225--226
[][] 
 []


Package xcolor Warning: Incompatible color definition on input line 230.

<figure/unnamed-chunk-12-1.pdf, id=68, 505.89pt x 505.89pt> [8 <./figure/unname
d-chunk-10-1.pdf>]
File: figure/unnamed-chunk-12-1.pdf Graphic file (type pdf)
 <use figure/unnamed-chunk-12-1.pdf>
Package pdftex.def Info: figure/unnamed-chunk-12-1.pdf used on input line 231.
(pdftex.def)             Requested size: 390.0pt x 390.00737pt.

Overfull \hbox (17.62482pt too wide) in paragraph at lines 231--232
[][] 
 []

[9 <./figure/unnamed-chunk-11-1.pdf>]

Package xcolor Warning: Incompatible color definition on input line 238.

<figure/unnamed-chunk-13-1.pdf, id=87, 505.89pt x 505.89pt>
File: figure/unnamed-chunk-13-1.pdf Graphic file (type pdf)

<use figure/unnamed-chunk-13-1.pdf>
Package pdftex.def Info: figure/unnamed-chunk-13-1.pdf used on input line 239.
(pdftex.def)             Requested size: 390.0pt x 390.00737pt.

Overfull \hbox (17.62482pt too wide) in paragraph at lines 239--240
[][] 
 []


Package xcolor Warning: Incompatible color definition on input line 244.

<figure/unnamed-chunk-14-1.pdf, id=88, 505.89pt x 505.89pt> [10 <./figure/unnam
ed-chunk-12-1.pdf>]
File: figure/unnamed-chunk-14-1.pdf Graphic file (type pdf)
 <use figure/unnamed-chunk-14-1.pdf>
Package pdftex.def Info: figure/unnamed-chunk-14-1.pdf used on input line 245.
(pdftex.def)             Requested size: 390.0pt x 390.00737pt.

Overfull \hbox (17.62482pt too wide) in paragraph at lines 245--246
[][] 
 []


Package xcolor Warning: Incompatible color definition on input line 251.

<figure/unnamed-chunk-15-1.pdf, id=98, 505.89pt x 505.89pt> [11 <./figure/unnam
ed-chunk-13-1.pdf>]
File: figure/unnamed-chunk-15-1.pdf Graphic file (type pdf)
 <use figure/unnamed-chunk-15-1.pdf>
Package pdftex.def Info: figure/unnamed-chunk-15-1.pdf used on input line 252.
(pdftex.def)             Requested size: 390.0pt x 390.00737pt.

Overfull \hbox (17.62482pt too wide) in paragraph at lines 252--253
[][] 
 []


Package xcolor Warning: Incompatible color definition on input line 257.

<figure/unnamed-chunk-16-1.pdf, id=108, 505.89pt x 505.89pt> [12 <./figure/unna
med-chunk-14-1.pdf>]
File: figure/unnamed-chunk-16-1.pdf Graphic file (type pdf)
 <use figure/unnamed-chunk-16-1.pdf>
Package pdftex.def Info: figure/unnamed-chunk-16-1.pdf used on input line 258.
(pdftex.def)             Requested size: 390.0pt x 390.00737pt.

Overfull \hbox (17.62482pt too wide) in paragraph at lines 258--259
[][] 
 []


Package xcolor Warning: Incompatible color definition on input line 263.

<figure/unnamed-chunk-17-1.pdf, id=118, 505.89pt x 505.89pt> [13 <./figure/unna
med-chunk-15-1.pdf>]
File: figure/unnamed-chunk-17-1.pdf Graphic file (type pdf)
 <use figure/unnamed-chunk-17-1.pdf>
Package pdftex.def Info: figure/unnamed-chunk-17-1.pdf used on input line 264.
(pdftex.def)             Requested size: 390.0pt x 390.00737pt.

Overfull \hbox (17.62482pt too wide) in paragraph at lines 264--265
[][] 
 []

[14 <./figure/unnamed-chunk-16-1.pdf>]

Package xcolor Warning: Incompatible color definition on input line 272.

<figure/unnamed-chunk-18-1.pdf, id=138, 505.89pt x 505.89pt>
File: figure/unnamed-chunk-18-1.pdf Graphic file (type pdf)

<use figure/unnamed-chunk-18-1.pdf>
Package pdftex.def Info: figure/unnamed-chunk-18-1.pdf used on input line 273.
(pdftex.def)             Requested size: 390.0pt x 390.00737pt.

Overfull \hbox (17.62482pt too wide) in paragraph at lines 273--274
[][] 
 []


Package xcolor Warning: Incompatible color definition on input line 278.

<figure/unnamed-chunk-19-1.pdf, id=139, 505.89pt x 505.89pt> [15 <./figure/unna
med-chunk-17-1.pdf>]
File: figure/unnamed-chunk-19-1.pdf Graphic file (type pdf)
 <use figure/unnamed-chunk-19-1.pdf>
Package pdftex.def Info: figure/unnamed-chunk-19-1.pdf used on input line 279.
(pdftex.def)             Requested size: 390.0pt x 390.00737pt.

Overfull \hbox (17.62482pt too wide) in paragraph at lines 279--280
[][] 
 []


Package xcolor Warning: Incompatible color definition on input line 284.

<figure/unnamed-chunk-20-1.pdf, id=149, 505.89pt x 505.89pt> [16 <./figure/unna
med-chunk-18-1.pdf>]
File: figure/unnamed-chunk-20-1.pdf Graphic file (type pdf)
 <use figure/unnamed-chunk-20-1.pdf>
Package pdftex.def Info: figure/unnamed-chunk-20-1.pdf used on input line 285.
(pdftex.def)             Requested size: 390.0pt x 390.00737pt.

Overfull \hbox (17.62482pt too wide) in paragraph at lines 285--286
[][] 
 []


Package xcolor Warning: Incompatible color definition on input line 290.

<figure/unnamed-chunk-21-1.pdf, id=160, 505.89pt x 505.89pt> [17 <./figure/unna
med-chunk-19-1.pdf>]
File: figure/unnamed-chunk-21-1.pdf Graphic file (type pdf)
 <use figure/unnamed-chunk-21-1.pdf>
Package pdftex.def Info: figure/unnamed-chunk-21-1.pdf used on input line 291.
(pdftex.def)             Requested size: 390.0pt x 390.00737pt.

Overfull \hbox (17.62482pt too wide) in paragraph at lines 291--292
[][] 
 []


Package xcolor Warning: Incompatible color definition on input line 296.

<figure/unnamed-chunk-22-1.pdf, id=170, 505.89pt x 505.89pt> [18 <./figure/unna
med-chunk-20-1.pdf>]
File: figure/unnamed-chunk-22-1.pdf Graphic file (type pdf)
 <use figure/unnamed-chunk-22-1.pdf>
Package pdftex.def Info: figure/unnamed-chunk-22-1.pdf used on input line 297.
(pdftex.def)             Requested size: 390.0pt x 390.00737pt.

Overfull \hbox (17.62482pt too wide) in paragraph at lines 297--298
[][] 
 []

[19 <./figure/unnamed-chunk-21-1.pdf>]

Package xcolor Warning: Incompatible color definition on input line 304.

<figure/unnamed-chunk-23-1.pdf, id=190, 505.89pt x 505.89pt>
File: figure/unnamed-chunk-23-1.pdf Graphic file (type pdf)

<use figure/unnamed-chunk-23-1.pdf>
Package pdftex.def Info: figure/unnamed-chunk-23-1.pdf used on input line 305.
(pdftex.def)             Requested size: 390.0pt x 390.00737pt.

Overfull \hbox (17.62482pt too wide) in paragraph at lines 305--306
[][] 
 []


Package xcolor Warning: Incompatible color definition on input line 310.

<figure/unnamed-chunk-24-1.pdf, id=191, 505.89pt x 505.89pt> [20 <./figure/unna
med-chunk-22-1.pdf>]
File: figure/unnamed-chunk-24-1.pdf Graphic file (type pdf)
 <use figure/unnamed-chunk-24-1.pdf>
Package pdftex.def Info: figure/unnamed-chunk-24-1.pdf used on input line 311.
(pdftex.def)             Requested size: 390.0pt x 390.00737pt.

Overfull \hbox (17.62482pt too wide) in paragraph at lines 311--312
[][] 
 []


Package xcolor Warning: Incompatible color definition on input line 316.

<figure/unnamed-chunk-25-1.pdf, id=201, 505.89pt x 505.89pt> [21 <./figure/unna
med-chunk-23-1.pdf>]
File: figure/unnamed-chunk-25-1.pdf Graphic file (type pdf)
 <use figure/unnamed-chunk-25-1.pdf>
Package pdftex.def Info: figure/unnamed-chunk-25-1.pdf used on input line 317.
(pdftex.def)             Requested size: 390.0pt x 390.00737pt.

Overfull \hbox (17.62482pt too wide) in paragraph at lines 317--318
[][] 
 []


Package xcolor Warning: Incompatible color definition on input line 322.

<figure/unnamed-chunk-26-1.pdf, id=211, 505.89pt x 505.89pt> [22 <./figure/unna
med-chunk-24-1.pdf>]
File: figure/unnamed-chunk-26-1.pdf Graphic file (type pdf)
 <use figure/unnamed-chunk-26-1.pdf>
Package pdftex.def Info: figure/unnamed-chunk-26-1.pdf used on input line 323.
(pdftex.def)             Requested size: 390.0pt x 390.00737pt.

Overfull \hbox (17.62482pt too wide) in paragraph at lines 323--324
[][] 
 []


Package xcolor Warning: Incompatible color definition on input line 328.

<figure/unnamed-chunk-27-1.pdf, id=221, 505.89pt x 505.89pt> [23 <./figure/unna
med-chunk-25-1.pdf>]
File: figure/unnamed-chunk-27-1.pdf Graphic file (type pdf)
 <use figure/unnamed-chunk-27-1.pdf>
Package pdftex.def Info: figure/unnamed-chunk-27-1.pdf used on input line 329.
(pdftex.def)             Requested size: 390.0pt x 390.00737pt.

Overfull \hbox (17.62482pt too wide) in paragraph at lines 329--330
[][] 
 []

[24 <./figure/unnamed-chunk-26-1.pdf>]

Package xcolor Warning: Incompatible color definition on input line 338.

<figure/unnamed-chunk-28-1.pdf, id=240, 505.89pt x 505.89pt>
File: figure/unnamed-chunk-28-1.pdf Graphic file (type pdf)

<use figure/unnamed-chunk-28-1.pdf>
Package pdftex.def Info: figure/unnamed-chunk-28-1.pdf used on input line 339.
(pdftex.def)             Requested size: 390.0pt x 390.00737pt.

Overfull \hbox (17.62482pt too wide) in paragraph at lines 339--340
[][] 
 []


Package xcolor Warning: Incompatible color definition on input line 344.

<figure/unnamed-chunk-29-1.pdf, id=241, 505.89pt x 505.89pt> [25 <./figure/unna
med-chunk-27-1.pdf>]
File: figure/unnamed-chunk-29-1.pdf Graphic file (type pdf)
 <use figure/unnamed-chunk-29-1.pdf>
Package pdftex.def Info: figure/unnamed-chunk-29-1.pdf used on input line 345.
(pdftex.def)             Requested size: 390.0pt x 390.00737pt.

Overfull \hbox (17.62482pt too wide) in paragraph at lines 345--346
[][] 
 []


Package xcolor Warning: Incompatible color definition on input line 350.

<figure/unnamed-chunk-30-1.pdf, id=252, 505.89pt x 505.89pt> [26 <./figure/unna
med-chunk-28-1.pdf>]
File: figure/unnamed-chunk-30-1.pdf Graphic file (type pdf)
 <use figure/unnamed-chunk-30-1.pdf>
Package pdftex.def Info: figure/unnamed-chunk-30-1.pdf used on input line 351.
(pdftex.def)             Requested size: 390.0pt x 390.00737pt.

Overfull \hbox (17.62482pt too wide) in paragraph at lines 351--352
[][] 
 []


Package xcolor Warning: Incompatible color definition on input line 356.

<figure/unnamed-chunk-31-1.pdf, id=262, 505.89pt x 505.89pt> [27 <./figure/unna
med-chunk-29-1.pdf>]
File: figure/unnamed-chunk-31-1.pdf Graphic file (type pdf)
 <use figure/unnamed-chunk-31-1.pdf>
Package pdftex.def Info: figure/unnamed-chunk-31-1.pdf used on input line 357.
(pdftex.def)             Requested size: 390.0pt x 390.00737pt.

Overfull \hbox (17.62482pt too wide) in paragraph at lines 357--358
[][] 
 []


Package xcolor Warning: Incompatible color definition on input line 362.

<figure/unnamed-chunk-32-1.pdf, id=272, 505.89pt x 505.89pt> [28 <./figure/unna
med-chunk-30-1.pdf>]
File: figure/unnamed-chunk-32-1.pdf Graphic file (type pdf)
 <use figure/unnamed-chunk-32-1.pdf>
Package pdftex.def Info: figure/unnamed-chunk-32-1.pdf used on input line 363.
(pdftex.def)             Requested size: 390.0pt x 390.00737pt.

Overfull \hbox (17.62482pt too wide) in paragraph at lines 363--364
[][] 
 []

<figure/unnamed-chunk-32-2.pdf, id=282, 505.89pt x 505.89pt> [29 <./figure/unna
med-chunk-31-1.pdf>]
File: figure/unnamed-chunk-32-2.pdf Graphic file (type pdf)
 <use figure/unnamed-chunk-32-2.pdf>
Package pdftex.def Info: figure/unnamed-chunk-32-2.pdf used on input line 365.
(pdftex.def)             Requested size: 390.0pt x 390.00737pt.

Overfull \hbox (17.62482pt too wide) in paragraph at lines 365--366
[][] 
 []

[30 <./figure/unnamed-chunk-32-1.pdf>]

Package xcolor Warning: Incompatible color definition on input line 372.

<figure/unnamed-chunk-33-1.pdf, id=301, 505.89pt x 505.89pt>
File: figure/unnamed-chunk-33-1.pdf Graphic file (type pdf)

<use figure/unnamed-chunk-33-1.pdf>
Package pdftex.def Info: figure/unnamed-chunk-33-1.pdf used on input line 373.
(pdftex.def)             Requested size: 390.0pt x 390.00737pt.

Overfull \hbox (17.62482pt too wide) in paragraph at lines 373--374
[][] 
 []


Package xcolor Warning: Incompatible color definition on input line 378.

[31 <./figure/unnamed-chunk-32-2.pdf>]
LaTeX Font Info:    Try loading font information for OT1+pcr on input line 379.


(/usr/local/texlive/2015/texmf-dist/tex/latex/psnfss/ot1pcr.fd
File: ot1pcr.fd 2001/06/04 font definitions for OT1/pcr.
)

Package xcolor Warning: Incompatible color definition on input line 387.

<figure/unnamed-chunk-35-1.pdf, id=313, 505.89pt x 505.89pt>
File: figure/unnamed-chunk-35-1.pdf Graphic file (type pdf)

<use figure/unnamed-chunk-35-1.pdf>
Package pdftex.def Info: figure/unnamed-chunk-35-1.pdf used on input line 388.
(pdftex.def)             Requested size: 390.0pt x 390.00737pt.

Overfull \hbox (17.62482pt too wide) in paragraph at lines 388--389
[][] 
 []


Package xcolor Warning: Incompatible color definition on input line 393.

[32 <./figure/unnamed-chunk-33-1.pdf>]

Package xcolor Warning: Incompatible color definition on input line 403.

<figure/unnamed-chunk-37-1.pdf, id=324, 505.89pt x 505.89pt>
File: figure/unnamed-chunk-37-1.pdf Graphic file (type pdf)

<use figure/unnamed-chunk-37-1.pdf>
Package pdftex.def Info: figure/unnamed-chunk-37-1.pdf used on input line 404.
(pdftex.def)             Requested size: 390.0pt x 390.00737pt.

Overfull \hbox (17.62482pt too wide) in paragraph at lines 404--405
[][] 
 []


Package xcolor Warning: Incompatible color definition on input line 409.

[33 <./figure/unnamed-chunk-35-1.pdf>]

Package xcolor Warning: Incompatible color definition on input line 418.

<figure/unnamed-chunk-39-1.pdf, id=334, 505.89pt x 505.89pt>
File: figure/unnamed-chunk-39-1.pdf Graphic file (type pdf)

<use figure/unnamed-chunk-39-1.pdf>
Package pdftex.def Info: figure/unnamed-chunk-39-1.pdf used on input line 419.
(pdftex.def)             Requested size: 390.0pt x 390.00737pt.

Overfull \hbox (17.62482pt too wide) in paragraph at lines 419--420
[][] 
 []


Package xcolor Warning: Incompatible color definition on input line 424.

[34 <./figure/unnamed-chunk-37-1.pdf>]

Package xcolor Warning: Incompatible color definition on input line 434.

<figure/unnamed-chunk-41-1.pdf, id=344, 505.89pt x 505.89pt>
File: figure/unnamed-chunk-41-1.pdf Graphic file (type pdf)

<use figure/unnamed-chunk-41-1.pdf>
Package pdftex.def Info: figure/unnamed-chunk-41-1.pdf used on input line 435.
(pdftex.def)             Requested size: 390.0pt x 390.00737pt.

Overfull \hbox (17.62482pt too wide) in paragraph at lines 435--436
[][] 
 []


Package xcolor Warning: Incompatible color definition on input line 440.

[35 <./figure/unnamed-chunk-39-1.pdf>]

Package xcolor Warning: Incompatible color definition on input line 449.

<figure/unnamed-chunk-43-1.pdf, id=354, 505.89pt x 505.89pt>
File: figure/unnamed-chunk-43-1.pdf Graphic file (type pdf)

<use figure/unnamed-chunk-43-1.pdf>
Package pdftex.def Info: figure/unnamed-chunk-43-1.pdf used on input line 450.
(pdftex.def)             Requested size: 390.0pt x 390.00737pt.

Overfull \hbox (17.62482pt too wide) in paragraph at lines 450--451
[][] 
 []


Package xcolor Warning: Incompatible color definition on input line 455.

[36 <./figure/unnamed-chunk-41-1.pdf>]

Package xcolor Warning: Incompatible color definition on input line 465.

<figure/unnamed-chunk-45-1.pdf, id=364, 505.89pt x 505.89pt>
File: figure/unnamed-chunk-45-1.pdf Graphic file (type pdf)

<use figure/unnamed-chunk-45-1.pdf>
Package pdftex.def Info: figure/unnamed-chunk-45-1.pdf used on input line 466.
(pdftex.def)             Requested size: 390.0pt x 390.00737pt.

Overfull \hbox (17.62482pt too wide) in paragraph at lines 466--467
[][] 
 []


Package xcolor Warning: Incompatible color definition on input line 471.

[37 <./figure/unnamed-chunk-43-1.pdf>]

Package xcolor Warning: Incompatible color definition on input line 480.

<figure/unnamed-chunk-47-1.pdf, id=375, 505.89pt x 505.89pt>
File: figure/unnamed-chunk-47-1.pdf Graphic file (type pdf)

<use figure/unnamed-chunk-47-1.pdf>
Package pdftex.def Info: figure/unnamed-chunk-47-1.pdf used on input line 481.
(pdftex.def)             Requested size: 390.0pt x 390.00737pt.

Overfull \hbox (17.62482pt too wide) in paragraph at lines 481--482
[][] 
 []


Package xcolor Warning: Incompatible color definition on input line 486.

[38 <./figure/unnamed-chunk-45-1.pdf>]

Package xcolor Warning: Incompatible color definition on input line 497.

<figure/unnamed-chunk-49-1.pdf, id=385, 505.89pt x 505.89pt>
File: figure/unnamed-chunk-49-1.pdf Graphic file (type pdf)

<use figure/unnamed-chunk-49-1.pdf>
Package pdftex.def Info: figure/unnamed-chunk-49-1.pdf used on input line 498.
(pdftex.def)             Requested size: 390.0pt x 390.00737pt.

Overfull \hbox (17.62482pt too wide) in paragraph at lines 498--499
[][] 
 []


Package xcolor Warning: Incompatible color definition on input line 503.

[39 <./figure/unnamed-chunk-47-1.pdf>]

Package xcolor Warning: Incompatible color definition on input line 512.

<figure/unnamed-chunk-51-1.pdf, id=395, 505.89pt x 505.89pt>
File: figure/unnamed-chunk-51-1.pdf Graphic file (type pdf)

<use figure/unnamed-chunk-51-1.pdf>
Package pdftex.def Info: figure/unnamed-chunk-51-1.pdf used on input line 513.
(pdftex.def)             Requested size: 390.0pt x 390.00737pt.

Overfull \hbox (17.62482pt too wide) in paragraph at lines 513--514
[][] 
 []


Package xcolor Warning: Incompatible color definition on input line 518.

[40 <./figure/unnamed-chunk-49-1.pdf>] [41 <./figure/unnamed-chunk-51-1.pdf>]
(./ProjectPaper.aux) ) 
Here is how much of TeX's memory you used:
 13861 strings out of 493089
 271169 string characters out of 6134842
 297057 words of memory out of 5000000
 17001 multiletter control sequences out of 15000+600000
 9099 words of font info for 35 fonts, out of 8000000 for 9000
 1141 hyphenation exceptions out of 8191
 55i,6n,54p,413b,238s stack positions out of 5000i,500n,10000p,200000b,80000s
{/usr/local/texlive/2015/texmf-dist/fonts/enc/dvips/base/
8r.enc}</usr/local/texlive/2015/texmf-dist/fonts/type1/public/amsfonts/cm/cmmi1
2.pfb></usr/local/texlive/2015/texmf-dist/fonts/type1/public/amsfonts/cm/cmr12.
pfb></usr/local/texlive/2015/texmf-dist/fonts/type1/public/amsfonts/cm/cmr17.pf
b></usr/local/texlive/2015/texmf-dist/fonts/type1/urw/courier/ucrr8a.pfb>
Output written on ProjectPaper.pdf (41 pages, 238917 bytes).
PDF statistics:
 433 PDF objects out of 1000 (max. 8388607)
 304 compressed objects within 4 object streams
 0 named destinations out of 1000 (max. 500000)
 208 words of extra memory for PDF output out of 10000 (max. 10000000)

